
<!DOCTYPE html>
<html>
	<head>
		<!--
			ExtentReports Library 2.41.1 | http://relevantcodes.com/extentreports-for-selenium/ | https://github.com/anshooarora/
			Copyright (c) 2015, Anshoo Arora (Relevant Codes) | Copyrights licensed under the New BSD License | http://opensource.org/licenses/BSD-3-Clause
			Documentation: http://extentreports.relevantcodes.com 
		-->

		<meta charset='UTF-8' /> 
		<meta name='description' content='ExtentReports (by Anshoo Arora) is a reporting library for automation testing for .NET and Java. It creates detailed and beautiful HTML reports for modern browsers. ExtentReports shows test and step summary along with dashboards, system and environment details for quick analysis of your tests.' />
		<meta name='robots' content='noodp, noydir' />
		<meta name='viewport' content='width=device-width, initial-scale=1' />
		<meta name='extentx' id='extentx' content='' />
		
		<title>
				ExtentReports 2.0
		</title>
		
		
		<link href='https://fonts.googleapis.com/css?family=Source+Sans+Pro:400,600' rel='stylesheet' type='text/css'>
		<link href='https://cdn.rawgit.com/anshooarora/extentreports/6032d73243ba4fe4fb8769eb9c315d4fdf16fe68/cdn/extent.css' type='text/css' rel='stylesheet' />
		
		<style>
				
            
                
            
        
		</style>
	</head>
	
	
	<body class='extent default standard hide-overflow'>
		<!-- nav -->
		<nav>
			<div class='logo-container blue darken-2'>
				<a class='logo-content' href='http://extentreports.relevantcodes.com'>
					<span>ExtentReports</span>
				</a>
				<a href='#' data-activates='slide-out' class='button-collapse hide-on-large-only'><i class='mdi-navigation-apps'></i></a>
			</div>
			<ul id='slide-out' class='side-nav fixed hide-on-med-and-down'>
				<li class='analysis waves-effect active'><a href='#!' class='test-view' onclick="_updateCurrentStage(0)"><i class='mdi-action-dashboard'></i>Test Details</a></li>
					<li class='analysis waves-effect'><a href='#!' class='exceptions-view' onclick="_updateCurrentStage(2)"><i class='mdi-action-bug-report'></i>Exceptions</a></li>
				<li class='analysis waves-effect'>
					<a href='#!' onclick="_updateCurrentStage(-1)" class='dashboard-view'><i class='mdi-action-track-changes'></i></i>Analysis</a>
				</li>
			</ul>
			<span class='report-name'>Automation Report</span> <span class='report-headline'></span>
			<ul class='right hide-on-med-and-down nav-right'>
				<li class='theme-selector' alt='Click to toggle dark theme. To enable by default, use js configuration $("body").addClass("dark");' title='Click to toggle dark theme. To enable by default, use js configuration $("body").addClass("dark");'>
					<i class='mdi-hardware-desktop-windows'></i>
				</li>
				<li>
					<span class='suite-started-time'>2022-09-21 15:44:56</span>
				</li>
				<li>
					<span>v2.41.1</span>
				</li>
			</ul>
		</nav>
		<!-- /nav -->
		
		<!-- container -->
		<div class='container'>
			
			<!-- dashboard -->
			<div id='dashboard-view' class='row'>
				<div class='time-totals'>
					<div class='col l2 m4 s6'>
						<div class='card suite-total-tests'> 
							<span class='panel-name'>Total Tests</span> 
							<span class='total-tests'> <span class='panel-lead'></span> </span> 
						</div> 
					</div>
					<div class='col l2 m4 s6'>
						<div class='card suite-total-steps'> 
							<span class='panel-name'>Total Steps</span> 
							<span class='total-steps'> <span class='panel-lead'></span> </span> 
						</div> 
					</div>
					<div class='col l2 m4 s12'>
						<div class='card suite-total-time-current'> 
							<span class='panel-name'>Total Time Taken (Current Run)</span> 
							<span class='suite-total-time-current-value panel-lead'>0h 5m 9s+871ms</span> 
						</div> 
					</div>
					<div class='col l2 m4 s12'>
						<div class='card suite-total-time-overall'> 
							<span class='panel-name'>Total Time Taken (Overall)</span> 
							<span class='suite-total-time-overall-value panel-lead'>0h 5m 9s+871ms</span> 
						</div> 
					</div>
					<div class='col l2 m4 s6 suite-start-time'>
						<div class='card accent green-accent'> 
							<span class='panel-name'>Start</span> 
							<span class='panel-lead suite-started-time'>2022-09-21 15:39:46</span> 
						</div> 
					</div>
					<div class='col l2 m4 s6 suite-end-time'>
						<div class='card accent pink-accent'> 
							<span class='panel-name'>End</span> 
							<span class='panel-lead suite-ended-time'>2022-09-21 15:44:56</span> 
						</div> 
					</div>
				</div>
				<div class='charts'>
					<div class='col s12 m6 l4 fh'> 
						<div class='card-panel'> 
							<div>
								<span class='panel-name'>Tests View</span>
							</div> 
							<div class='panel-setting modal-trigger test-count-setting right'>
								<a href='#test-count-setting'><i class='mdi-navigation-more-vert text-md'></i></a>
							</div> 
							<div class='chart-box'>
								<canvas class='text-centered' id='test-analysis'></canvas>
							</div> 
							<div>
								<span class='weight-light'><span class='t-pass-count weight-normal'></span> test(s) passed</span>
							</div> 
							<div>
								<span class='weight-light'><span class='t-fail-count weight-normal'></span> test(s) failed, <span class='t-others-count weight-normal'></span> others</span>
							</div> 
						</div> 
					</div> 
					<div class='col s12 m6 l4 fh'> 
						<div class='card-panel'> 
							<div>
								<span class='panel-name'>Steps View</span>
							</div> 
							<div class='panel-setting modal-trigger step-status-filter right'>
								<a href='#step-status-filter'><i class='mdi-navigation-more-vert text-md'></i></a>
							</div> 
							<div class='chart-box'>
								<canvas class='text-centered' id='step-analysis'></canvas>
							</div> 
							<div>
								<span class='weight-light'><span class='s-pass-count weight-normal'></span> step(s) passed </span>
							</div> 
							<div>
								<span class='weight-light'><span class='s-fail-count weight-normal'></span> step(s) failed, <span class='s-others-count weight-normal'></span> others</span>
							</div> 
						</div> 
					</div>
					<div class='col s12 m12 l4 fh'> 
						<div class='card-panel'> 
							<span class='panel-name'>Pass Percentage</span> 
							<span class='pass-percentage panel-lead'></span> 
							<div class='progress light-blue lighten-3'> 
								<div class='determinate light-blue'></div> 
							</div> 
						</div> 
					</div>
				</div>
				<div class='system-view'>
					<div class='col l4 m12 s12'>
						<div class='card-panel'>
							<span class='label info outline right'>Environment</span>
							<table>
								<thead>
									<tr>
										<th>Param</th>
										<th>Value</th>
									</tr>
								</thead>
								<tbody>
										<tr>
											<td>User Name</td>
											<td>Ashwini.G</td>
										</tr>
										<tr>
											<td>OS</td>
											<td>Windows 10</td>
										</tr>
										<tr>
											<td>Java Version</td>
											<td>17.0.3</td>
										</tr>
										<tr>
											<td>Host Name</td>
											<td>SSTINADMLP1150</td>
										</tr>
								</tbody>
							</table>
						</div>
					</div>
				</div>
			</div>
			<!-- /dashboard -->
			
			<!-- tests -->
			<div id='test-view' class='row _addedTable'>
				<div class='col _addedCell1'>
					<div class='contents'>
						<div class='card-panel heading'>
							<h5>Tests</h5>
						</div>
						<div class='card-panel filters'>
							<div>
								<a class='dropdown-button btn-floating btn-small waves-effect waves-light grey tests-toggle' data-activates='tests-toggle' data-constrainwidth='true' data-beloworigin='true' data-hover='true' href='#'>
									<i class='mdi-action-reorder'></i>
								</a>
								<ul id='tests-toggle' class='dropdown-content'>
									<li class='pass'><a href='#!'>Pass</a></li>
									<li class='fail'><a href='#!'>Fail</a></li>
									<li class='skip'><a href='#!'>Skip</a></li>
									<li class='divider'></li>
									<li class='clear'><a href='#!'>Clear Filters</a></li>
								</ul>
							</div>
							<div>
								<a class='btn-floating btn-small waves-effect waves-light grey' id='clear-filters' alt='Clear Filters' title='Clear Filters'>
									<i class='mdi-navigation-close'></i>
								</a>
							</div>
							<div>
								<a class='btn-floating btn-small waves-effect waves-light grey' id='enableDashboard' alt='Enable Dashboard' title='Enable Dashboard'>
									<i class='mdi-action-track-changes'></i>
								</a>
							</div>
							<div>
								<a class='btn-floating btn-small waves-effect waves-light blue enabled' id='refreshCharts' alt='Refresh Charts on Filters' title='Refresh Charts on Filters'>
									<i class='mdi-navigation-refresh'></i>
								</a>
							</div>
							<div class='search' alt='Search Tests' title='Search Tests'>
								<div class='input-field left'>
									<input id='searchTests' type='text' class='validate' placeholder='Search Tests...'>
								</div>
								<a href="#" class='btn-floating btn-small waves-effect waves-light grey'>
									<i class='mdi-action-search'></i>
								</a>
							</div>
						</div>
						<div class='card-panel no-padding-h no-padding-v no-margin-v'>
							<div class='wrapper'>
								<ul id='test-collection' class='test-collection'>
										<li class='collection-item test displayed active pass ' extentid='8d9578ac-58b7-4b45-8287-e83e0fe92b2b'>
											<div class='test-head'>
												<span class='test-name'>VRad UAT VerifyExpandCollapse Report </span>
												<span class='test-status label right outline capitalize pass'>pass</span>
												<span class='category-assigned hide '></span>
											</div>
											<div class='test-body'>
												<div class='test-info'>
													<span title='Test started time' alt='Test started time' class='test-started-time label green lighten-1 text-white'>2022-09-21 15:39:54</span>
													<span title='Test ended time' alt='Test ended time' class='test-ended-time label red lighten-1 text-white'>2022-09-21 15:39:55</span>
													<span title='Time taken to finish' alt='Time taken to finish' class='test-time-taken label blue-grey lighten-3 text-white'>0h 0m 1s+301ms</span>
												</div>
												<div class='test-desc'></div>
												<div class='test-attributes'>
												</div>
												<div class='test-steps'>
													<table class='bordered table-results'>
														<thead>
															<tr>
																<th>Status</th>
																<th>Timestamp</th>
																<th>Details</th>
															</tr>
														</thead>
														<tbody>
																<tr>
																	<td class='status info' title='info' alt='info'><i class='mdi-action-info-outline'></i></td>
																	<td class='timestamp'>15:39:54</td>
																	<td class='step-details'>clicked expand button</td>
																</tr>
																<tr>
																	<td class='status info' title='info' alt='info'><i class='mdi-action-info-outline'></i></td>
																	<td class='timestamp'>15:39:54</td>
																	<td class='step-details'>clicked collapse button</td>
																</tr>
																<tr>
																	<td class='status info' title='info' alt='info'><i class='mdi-action-info-outline'></i></td>
																	<td class='timestamp'>15:39:54</td>
																	<td class='step-details'>clicked expand button</td>
																</tr>
														</tbody>
													</table>
													<ul class='collapsible node-list' data-collapsible='accordion'>
													</ul>
												</div>
											</div>
										</li>
										<li class='collection-item test displayed active pass ' extentid='f5404435-5f1b-4998-b342-ca6babcc76b9'>
											<div class='test-head'>
												<span class='test-name'>VRad UAT verifyAllIconsOnCollapse Report </span>
												<span class='test-status label right outline capitalize pass'>pass</span>
												<span class='category-assigned hide '></span>
											</div>
											<div class='test-body'>
												<div class='test-info'>
													<span title='Test started time' alt='Test started time' class='test-started-time label green lighten-1 text-white'>2022-09-21 15:39:56</span>
													<span title='Test ended time' alt='Test ended time' class='test-ended-time label red lighten-1 text-white'>2022-09-21 15:40:01</span>
													<span title='Time taken to finish' alt='Time taken to finish' class='test-time-taken label blue-grey lighten-3 text-white'>0h 0m 4s+973ms</span>
												</div>
												<div class='test-desc'></div>
												<div class='test-attributes'>
												</div>
												<div class='test-steps'>
													<table class='bordered table-results'>
														<thead>
															<tr>
																<th>Status</th>
																<th>Timestamp</th>
																<th>Details</th>
															</tr>
														</thead>
														<tbody>
																<tr>
																	<td class='status info' title='info' alt='info'><i class='mdi-action-info-outline'></i></td>
																	<td class='timestamp'>15:39:56</td>
																	<td class='step-details'>mouse hover on Manage recipients button</td>
																</tr>
																<tr>
																	<td class='status pass' title='pass' alt='pass'><i class='mdi-action-check-circle'></i></td>
																	<td class='timestamp'>15:39:56</td>
																	<td class='step-details'>verified mouse hover text for Recipients</td>
																</tr>
																<tr>
																	<td class='status info' title='info' alt='info'><i class='mdi-action-info-outline'></i></td>
																	<td class='timestamp'>15:39:56</td>
																	<td class='step-details'>mouse hover on Manage users button</td>
																</tr>
																<tr>
																	<td class='status pass' title='pass' alt='pass'><i class='mdi-action-check-circle'></i></td>
																	<td class='timestamp'>15:39:58</td>
																	<td class='step-details'>verified mouse hover text for Users</td>
																</tr>
																<tr>
																	<td class='status info' title='info' alt='info'><i class='mdi-action-info-outline'></i></td>
																	<td class='timestamp'>15:39:58</td>
																	<td class='step-details'>mouse hover on Manage templates button</td>
																</tr>
																<tr>
																	<td class='status pass' title='pass' alt='pass'><i class='mdi-action-check-circle'></i></td>
																	<td class='timestamp'>15:40:00</td>
																	<td class='step-details'>verified mouse hover text for Templates</td>
																</tr>
																<tr>
																	<td class='status info' title='info' alt='info'><i class='mdi-action-info-outline'></i></td>
																	<td class='timestamp'>15:40:00</td>
																	<td class='step-details'>clicked expand button</td>
																</tr>
														</tbody>
													</table>
													<ul class='collapsible node-list' data-collapsible='accordion'>
													</ul>
												</div>
											</div>
										</li>
										<li class='collection-item test displayed active pass ' extentid='b537b28b-a366-4055-9a9d-c444773aa9bb'>
											<div class='test-head'>
												<span class='test-name'>VRad UAT verifyUserAccountIconOnExpand Report </span>
												<span class='test-status label right outline capitalize pass'>pass</span>
												<span class='category-assigned hide '></span>
											</div>
											<div class='test-body'>
												<div class='test-info'>
													<span title='Test started time' alt='Test started time' class='test-started-time label green lighten-1 text-white'>2022-09-21 15:40:02</span>
													<span title='Test ended time' alt='Test ended time' class='test-ended-time label red lighten-1 text-white'>2022-09-21 15:40:04</span>
													<span title='Time taken to finish' alt='Time taken to finish' class='test-time-taken label blue-grey lighten-3 text-white'>0h 0m 1s+373ms</span>
												</div>
												<div class='test-desc'></div>
												<div class='test-attributes'>
												</div>
												<div class='test-steps'>
													<table class='bordered table-results'>
														<thead>
															<tr>
																<th>Status</th>
																<th>Timestamp</th>
																<th>Details</th>
															</tr>
														</thead>
														<tbody>
																<tr>
																	<td class='status info' title='info' alt='info'><i class='mdi-action-info-outline'></i></td>
																	<td class='timestamp'>15:40:02</td>
																	<td class='step-details'>clicked expand button</td>
																</tr>
																<tr>
																	<td class='status info' title='info' alt='info'><i class='mdi-action-info-outline'></i></td>
																	<td class='timestamp'>15:40:02</td>
																	<td class='step-details'>User account is:AshwiniGangarap...
ashwini.g@sstec...</td>
																</tr>
																<tr>
																	<td class='status info' title='info' alt='info'><i class='mdi-action-info-outline'></i></td>
																	<td class='timestamp'>15:40:02</td>
																	<td class='step-details'>AshwiniGangarap...
ashwini.g@sstec... is the partial display of ashwini.g@sstech.us</td>
																</tr>
																<tr>
																	<td class='status info' title='info' alt='info'><i class='mdi-action-info-outline'></i></td>
																	<td class='timestamp'>15:40:03</td>
																	<td class='step-details'>mouse houvered on user account</td>
																</tr>
														</tbody>
													</table>
													<ul class='collapsible node-list' data-collapsible='accordion'>
													</ul>
												</div>
											</div>
										</li>
										<li class='collection-item test displayed active pass ' extentid='86bb2aed-d2d5-4fd5-a2ad-cccc9eb495a1'>
											<div class='test-head'>
												<span class='test-name'>VRad UAT verifyIconsOnExpandCorrespondingToRoles Report </span>
												<span class='test-status label right outline capitalize pass'>pass</span>
												<span class='category-assigned hide '></span>
											</div>
											<div class='test-body'>
												<div class='test-info'>
													<span title='Test started time' alt='Test started time' class='test-started-time label green lighten-1 text-white'>2022-09-21 15:40:05</span>
													<span title='Test ended time' alt='Test ended time' class='test-ended-time label red lighten-1 text-white'>2022-09-21 15:40:23</span>
													<span title='Time taken to finish' alt='Time taken to finish' class='test-time-taken label blue-grey lighten-3 text-white'>0h 0m 18s+827ms</span>
												</div>
												<div class='test-desc'></div>
												<div class='test-attributes'>
												</div>
												<div class='test-steps'>
													<table class='bordered table-results'>
														<thead>
															<tr>
																<th>Status</th>
																<th>Timestamp</th>
																<th>Details</th>
															</tr>
														</thead>
														<tbody>
																<tr>
																	<td class='status info' title='info' alt='info'><i class='mdi-action-info-outline'></i></td>
																	<td class='timestamp'>15:40:05</td>
																	<td class='step-details'>ashwini.g@sstech.us is the user name</td>
																</tr>
																<tr>
																	<td class='status info' title='info' alt='info'><i class='mdi-action-info-outline'></i></td>
																	<td class='timestamp'>15:40:05</td>
																	<td class='step-details'>clicked expand button</td>
																</tr>
																<tr>
																	<td class='status info' title='info' alt='info'><i class='mdi-action-info-outline'></i></td>
																	<td class='timestamp'>15:40:22</td>
																	<td class='step-details'>R is the user role</td>
																</tr>
																<tr>
																	<td class='status pass' title='pass' alt='pass'><i class='mdi-action-check-circle'></i></td>
																	<td class='timestamp'>15:40:22</td>
																	<td class='step-details'>Reporting user role aaccess verified for the user</td>
																</tr>
														</tbody>
													</table>
													<ul class='collapsible node-list' data-collapsible='accordion'>
													</ul>
												</div>
											</div>
										</li>
										<li class='collection-item test displayed active pass ' extentid='07a11748-09c9-4759-a5da-3a7593df2428'>
											<div class='test-head'>
												<span class='test-name'>VRad UAT Forgot password navigation Report </span>
												<span class='test-status label right outline capitalize pass'>pass</span>
												<span class='category-assigned hide '></span>
											</div>
											<div class='test-body'>
												<div class='test-info'>
													<span title='Test started time' alt='Test started time' class='test-started-time label green lighten-1 text-white'>2022-09-21 15:40:28</span>
													<span title='Test ended time' alt='Test ended time' class='test-ended-time label red lighten-1 text-white'></span>
													<span title='Time taken to finish' alt='Time taken to finish' class='test-time-taken label blue-grey lighten-3 text-white'></span>
												</div>
												<div class='test-desc'></div>
												<div class='test-attributes'>
												</div>
												<div class='test-steps'>
													<table class='bordered table-results'>
														<thead>
															<tr>
																<th>Status</th>
																<th>Timestamp</th>
																<th>Details</th>
															</tr>
														</thead>
														<tbody>
																<tr>
																	<td class='status info' title='info' alt='info'><i class='mdi-action-info-outline'></i></td>
																	<td class='timestamp'>15:40:28</td>
																	<td class='step-details'>clicked forgot password link</td>
																</tr>
																<tr>
																	<td class='status info' title='info' alt='info'><i class='mdi-action-info-outline'></i></td>
																	<td class='timestamp'>15:40:28</td>
																	<td class='step-details'>entered email address as ashwini.g@sstech.us</td>
																</tr>
																<tr>
																	<td class='status info' title='info' alt='info'><i class='mdi-action-info-outline'></i></td>
																	<td class='timestamp'>15:40:28</td>
																	<td class='step-details'>clicked request a reset link</td>
																</tr>
																<tr>
																	<td class='status pass' title='pass' alt='pass'><i class='mdi-action-check-circle'></i></td>
																	<td class='timestamp'>15:40:29</td>
																	<td class='step-details'>click to resend is displayed</td>
																</tr>
																<tr>
																	<td class='status pass' title='pass' alt='pass'><i class='mdi-action-check-circle'></i></td>
																	<td class='timestamp'>15:40:29</td>
																	<td class='step-details'>Email sent confirmation dispalyed.</td>
																</tr>
																<tr>
																	<td class='status info' title='info' alt='info'><i class='mdi-action-info-outline'></i></td>
																	<td class='timestamp'>15:40:29</td>
																	<td class='step-details'>clciked return to login</td>
																</tr>
																<tr>
																	<td class='status pass' title='pass' alt='pass'><i class='mdi-action-check-circle'></i></td>
																	<td class='timestamp'>15:40:29</td>
																	<td class='step-details'>Login page displayed on click return to login</td>
																</tr>
														</tbody>
													</table>
													<ul class='collapsible node-list' data-collapsible='accordion'>
													</ul>
												</div>
											</div>
										</li>
										<li class='collection-item test displayed active pass ' extentid='1092631f-fcf3-40ad-a4ec-5572c2a26182'>
											<div class='test-head'>
												<span class='test-name'>VRad UAT Report </span>
												<span class='test-status label right outline capitalize pass'>pass</span>
												<span class='category-assigned hide '></span>
											</div>
											<div class='test-body'>
												<div class='test-info'>
													<span title='Test started time' alt='Test started time' class='test-started-time label green lighten-1 text-white'>2022-09-21 15:40:33</span>
													<span title='Test ended time' alt='Test ended time' class='test-ended-time label red lighten-1 text-white'>2022-09-21 15:40:40</span>
													<span title='Time taken to finish' alt='Time taken to finish' class='test-time-taken label blue-grey lighten-3 text-white'>0h 0m 6s+311ms</span>
												</div>
												<div class='test-desc'></div>
												<div class='test-attributes'>
												</div>
												<div class='test-steps'>
													<table class='bordered table-results'>
														<thead>
															<tr>
																<th>Status</th>
																<th>Timestamp</th>
																<th>Details</th>
															</tr>
														</thead>
														<tbody>
																<tr>
																	<td class='status pass' title='pass' alt='pass'><i class='mdi-action-check-circle'></i></td>
																	<td class='timestamp'>15:40:35</td>
																	<td class='step-details'>navigated to Dashboard page</td>
																</tr>
																<tr>
																	<td class='status info' title='info' alt='info'><i class='mdi-action-info-outline'></i></td>
																	<td class='timestamp'>15:40:35</td>
																	<td class='step-details'>clicked showing listbox</td>
																</tr>
																<tr>
																	<td class='status info' title='info' alt='info'><i class='mdi-action-info-outline'></i></td>
																	<td class='timestamp'>15:40:35</td>
																	<td class='step-details'>selecting a value</td>
																</tr>
																<tr>
																	<td class='status info' title='info' alt='info'><i class='mdi-action-info-outline'></i></td>
																	<td class='timestamp'>15:40:38</td>
																	<td class='step-details'>clicking to navigate to last page</td>
																</tr>
																<tr>
																	<td class='status info' title='info' alt='info'><i class='mdi-action-info-outline'></i></td>
																	<td class='timestamp'>15:40:38</td>
																	<td class='step-details'>Found number of rows in the page: 8</td>
																</tr>
																<tr>
																	<td class='status info' title='info' alt='info'><i class='mdi-action-info-outline'></i></td>
																	<td class='timestamp'>15:40:38</td>
																	<td class='step-details'>Found number of columns in each row: 7</td>
																</tr>
																<tr>
																	<td class='status info' title='info' alt='info'><i class='mdi-action-info-outline'></i></td>
																	<td class='timestamp'>15:40:38</td>
																	<td class='step-details'>selected the column SentOn</td>
																</tr>
																<tr>
																	<td class='status info' title='info' alt='info'><i class='mdi-action-info-outline'></i></td>
																	<td class='timestamp'>15:40:38</td>
																	<td class='step-details'>found the zone which will be used to convert time into CST America/Chicago</td>
																</tr>
																<tr>
																	<td class='status info' title='info' alt='info'><i class='mdi-action-info-outline'></i></td>
																	<td class='timestamp'>15:40:38</td>
																	<td class='step-details'>current CST time is 09/21/2022</td>
																</tr>
																<tr>
																	<td class='status info' title='info' alt='info'><i class='mdi-action-info-outline'></i></td>
																	<td class='timestamp'>15:40:38</td>
																	<td class='step-details'>current month 9</td>
																</tr>
																<tr>
																	<td class='status info' title='info' alt='info'><i class='mdi-action-info-outline'></i></td>
																	<td class='timestamp'>15:40:38</td>
																	<td class='step-details'>current day 21</td>
																</tr>
																<tr>
																	<td class='status info' title='info' alt='info'><i class='mdi-action-info-outline'></i></td>
																	<td class='timestamp'>15:40:38</td>
																	<td class='step-details'>Currenet Date minus number of days selected in showing 06/23/2022</td>
																</tr>
																<tr>
																	<td class='status info' title='info' alt='info'><i class='mdi-action-info-outline'></i></td>
																	<td class='timestamp'>15:40:38</td>
																	<td class='step-details'>selected SentOn Date 06 / 23 @ 2:33 pm (CST)</td>
																</tr>
																<tr>
																	<td class='status pass' title='pass' alt='pass'><i class='mdi-action-check-circle'></i></td>
																	<td class='timestamp'>15:40:38</td>
																	<td class='step-details'>verified month is in range</td>
																</tr>
																<tr>
																	<td class='status info' title='info' alt='info'><i class='mdi-action-info-outline'></i></td>
																	<td class='timestamp'>15:40:38</td>
																	<td class='step-details'>selected SentOn Date 06 / 23 @ 2:31 pm (CST)</td>
																</tr>
																<tr>
																	<td class='status pass' title='pass' alt='pass'><i class='mdi-action-check-circle'></i></td>
																	<td class='timestamp'>15:40:38</td>
																	<td class='step-details'>verified month is in range</td>
																</tr>
																<tr>
																	<td class='status info' title='info' alt='info'><i class='mdi-action-info-outline'></i></td>
																	<td class='timestamp'>15:40:38</td>
																	<td class='step-details'>selected SentOn Date 06 / 23 @ 2:28 pm (CST)</td>
																</tr>
																<tr>
																	<td class='status pass' title='pass' alt='pass'><i class='mdi-action-check-circle'></i></td>
																	<td class='timestamp'>15:40:38</td>
																	<td class='step-details'>verified month is in range</td>
																</tr>
																<tr>
																	<td class='status info' title='info' alt='info'><i class='mdi-action-info-outline'></i></td>
																	<td class='timestamp'>15:40:38</td>
																	<td class='step-details'>selected SentOn Date 06 / 23 @ 10:50 am (CST)</td>
																</tr>
																<tr>
																	<td class='status pass' title='pass' alt='pass'><i class='mdi-action-check-circle'></i></td>
																	<td class='timestamp'>15:40:38</td>
																	<td class='step-details'>verified month is in range</td>
																</tr>
																<tr>
																	<td class='status info' title='info' alt='info'><i class='mdi-action-info-outline'></i></td>
																	<td class='timestamp'>15:40:38</td>
																	<td class='step-details'>selected SentOn Date 06 / 23 @ 9:07 am (CST)</td>
																</tr>
																<tr>
																	<td class='status pass' title='pass' alt='pass'><i class='mdi-action-check-circle'></i></td>
																	<td class='timestamp'>15:40:38</td>
																	<td class='step-details'>verified month is in range</td>
																</tr>
																<tr>
																	<td class='status info' title='info' alt='info'><i class='mdi-action-info-outline'></i></td>
																	<td class='timestamp'>15:40:38</td>
																	<td class='step-details'>selected SentOn Date 06 / 23 @ 9:04 am (CST)</td>
																</tr>
																<tr>
																	<td class='status pass' title='pass' alt='pass'><i class='mdi-action-check-circle'></i></td>
																	<td class='timestamp'>15:40:38</td>
																	<td class='step-details'>verified month is in range</td>
																</tr>
																<tr>
																	<td class='status info' title='info' alt='info'><i class='mdi-action-info-outline'></i></td>
																	<td class='timestamp'>15:40:38</td>
																	<td class='step-details'>selected SentOn Date 06 / 23 @ 8:59 am (CST)</td>
																</tr>
																<tr>
																	<td class='status pass' title='pass' alt='pass'><i class='mdi-action-check-circle'></i></td>
																	<td class='timestamp'>15:40:38</td>
																	<td class='step-details'>verified month is in range</td>
																</tr>
																<tr>
																	<td class='status info' title='info' alt='info'><i class='mdi-action-info-outline'></i></td>
																	<td class='timestamp'>15:40:38</td>
																	<td class='step-details'>clicked expand button</td>
																</tr>
														</tbody>
													</table>
													<ul class='collapsible node-list' data-collapsible='accordion'>
													</ul>
												</div>
											</div>
										</li>
										<li class='collection-item test displayed active pass ' extentid='ade7ea6c-c2d9-41d4-b6fb-824d71422ff2'>
											<div class='test-head'>
												<span class='test-name'>VRad UAT Report </span>
												<span class='test-status label right outline capitalize pass'>pass</span>
												<span class='category-assigned hide '></span>
											</div>
											<div class='test-body'>
												<div class='test-info'>
													<span title='Test started time' alt='Test started time' class='test-started-time label green lighten-1 text-white'>2022-09-21 15:40:40</span>
													<span title='Test ended time' alt='Test ended time' class='test-ended-time label red lighten-1 text-white'>2022-09-21 15:40:48</span>
													<span title='Time taken to finish' alt='Time taken to finish' class='test-time-taken label blue-grey lighten-3 text-white'>0h 0m 8s+178ms</span>
												</div>
												<div class='test-desc'></div>
												<div class='test-attributes'>
												</div>
												<div class='test-steps'>
													<table class='bordered table-results'>
														<thead>
															<tr>
																<th>Status</th>
																<th>Timestamp</th>
																<th>Details</th>
															</tr>
														</thead>
														<tbody>
																<tr>
																	<td class='status pass' title='pass' alt='pass'><i class='mdi-action-check-circle'></i></td>
																	<td class='timestamp'>15:40:41</td>
																	<td class='step-details'>navigated to Dashboard page</td>
																</tr>
																<tr>
																	<td class='status info' title='info' alt='info'><i class='mdi-action-info-outline'></i></td>
																	<td class='timestamp'>15:40:41</td>
																	<td class='step-details'>clicked showing listbox</td>
																</tr>
																<tr>
																	<td class='status info' title='info' alt='info'><i class='mdi-action-info-outline'></i></td>
																	<td class='timestamp'>15:40:41</td>
																	<td class='step-details'>selecting a value</td>
																</tr>
																<tr>
																	<td class='status info' title='info' alt='info'><i class='mdi-action-info-outline'></i></td>
																	<td class='timestamp'>15:40:41</td>
																	<td class='step-details'>Found number of rows in the page: 0</td>
																</tr>
																<tr>
																	<td class='status info' title='info' alt='info'><i class='mdi-action-info-outline'></i></td>
																	<td class='timestamp'>15:40:43</td>
																	<td class='step-details'>Found number of columns in each row: 7</td>
																</tr>
																<tr>
																	<td class='status info' title='info' alt='info'><i class='mdi-action-info-outline'></i></td>
																	<td class='timestamp'>15:40:45</td>
																	<td class='step-details'>clicked view icon</td>
																</tr>
																<tr>
																	<td class='status pass' title='pass' alt='pass'><i class='mdi-action-check-circle'></i></td>
																	<td class='timestamp'>15:40:46</td>
																	<td class='step-details'>verified clicking view icon is navigating user to Dispatch details page.Dispatch Details</td>
																</tr>
																<tr>
																	<td class='status info' title='info' alt='info'><i class='mdi-action-info-outline'></i></td>
																	<td class='timestamp'>15:40:46</td>
																	<td class='step-details'>clicked cross button</td>
																</tr>
																<tr>
																	<td class='status info' title='info' alt='info'><i class='mdi-action-info-outline'></i></td>
																	<td class='timestamp'>15:40:47</td>
																	<td class='step-details'>clicked expand button</td>
																</tr>
														</tbody>
													</table>
													<ul class='collapsible node-list' data-collapsible='accordion'>
													</ul>
												</div>
											</div>
										</li>
										<li class='collection-item test displayed active pass ' extentid='59d7a659-4ade-4d1e-adc8-2dad33a10415'>
											<div class='test-head'>
												<span class='test-name'>VRad UAT Verify New Dispatch Report </span>
												<span class='test-status label right outline capitalize pass'>pass</span>
												<span class='category-assigned hide '></span>
											</div>
											<div class='test-body'>
												<div class='test-info'>
													<span title='Test started time' alt='Test started time' class='test-started-time label green lighten-1 text-white'>2022-09-21 15:40:54</span>
													<span title='Test ended time' alt='Test ended time' class='test-ended-time label red lighten-1 text-white'>2022-09-21 15:41:28</span>
													<span title='Time taken to finish' alt='Time taken to finish' class='test-time-taken label blue-grey lighten-3 text-white'>0h 0m 33s+724ms</span>
												</div>
												<div class='test-desc'></div>
												<div class='test-attributes'>
												</div>
												<div class='test-steps'>
													<table class='bordered table-results'>
														<thead>
															<tr>
																<th>Status</th>
																<th>Timestamp</th>
																<th>Details</th>
															</tr>
														</thead>
														<tbody>
																<tr>
																	<td class='status info' title='info' alt='info'><i class='mdi-action-info-outline'></i></td>
																	<td class='timestamp'>15:40:54</td>
																	<td class='step-details'>clicked expand button</td>
																</tr>
																<tr>
																	<td class='status info' title='info' alt='info'><i class='mdi-action-info-outline'></i></td>
																	<td class='timestamp'>15:40:54</td>
																	<td class='step-details'>clicked New Dispatch button</td>
																</tr>
																<tr>
																	<td class='status info' title='info' alt='info'><i class='mdi-action-info-outline'></i></td>
																	<td class='timestamp'>15:40:56</td>
																	<td class='step-details'>clicked create nre dispatch radio button</td>
																</tr>
																<tr>
																	<td class='status info' title='info' alt='info'><i class='mdi-action-info-outline'></i></td>
																	<td class='timestamp'>15:40:59</td>
																	<td class='step-details'>entered text</td>
																</tr>
																<tr>
																	<td class='status info' title='info' alt='info'><i class='mdi-action-info-outline'></i></td>
																	<td class='timestamp'>15:40:59</td>
																	<td class='step-details'>clicked Next Button</td>
																</tr>
																<tr>
																	<td class='status info' title='info' alt='info'><i class='mdi-action-info-outline'></i></td>
																	<td class='timestamp'>15:41:01</td>
																	<td class='step-details'>selected vrad QA ssTech</td>
																</tr>
																<tr>
																	<td class='status info' title='info' alt='info'><i class='mdi-action-info-outline'></i></td>
																	<td class='timestamp'>15:41:01</td>
																	<td class='step-details'>clicked Add Button</td>
																</tr>
																<tr>
																	<td class='status info' title='info' alt='info'><i class='mdi-action-info-outline'></i></td>
																	<td class='timestamp'>15:41:02</td>
																	<td class='step-details'>clicked dropdown</td>
																</tr>
																<tr>
																	<td class='status info' title='info' alt='info'><i class='mdi-action-info-outline'></i></td>
																	<td class='timestamp'>15:41:02</td>
																	<td class='step-details'>selected and clicked individual</td>
																</tr>
																<tr>
																	<td class='status info' title='info' alt='info'><i class='mdi-action-info-outline'></i></td>
																	<td class='timestamp'>15:41:12</td>
																	<td class='step-details'>selected ashwini g</td>
																</tr>
																<tr>
																	<td class='status info' title='info' alt='info'><i class='mdi-action-info-outline'></i></td>
																	<td class='timestamp'>15:41:13</td>
																	<td class='step-details'>click add button</td>
																</tr>
																<tr>
																	<td class='status info' title='info' alt='info'><i class='mdi-action-info-outline'></i></td>
																	<td class='timestamp'>15:41:13</td>
																	<td class='step-details'>found number of items in selected Recipients 317</td>
																</tr>
																<tr>
																	<td class='status pass' title='pass' alt='pass'><i class='mdi-action-check-circle'></i></td>
																	<td class='timestamp'>15:41:27</td>
																	<td class='step-details'>vrad QA ssTech is present</td>
																</tr>
																<tr>
																	<td class='status pass' title='pass' alt='pass'><i class='mdi-action-check-circle'></i></td>
																	<td class='timestamp'>15:41:28</td>
																	<td class='step-details'>ashwini g is present</td>
																</tr>
																<tr>
																	<td class='status info' title='info' alt='info'><i class='mdi-action-info-outline'></i></td>
																	<td class='timestamp'>15:41:28</td>
																	<td class='step-details'>clicked Next Step</td>
																</tr>
																<tr>
																	<td class='status info' title='info' alt='info'><i class='mdi-action-info-outline'></i></td>
																	<td class='timestamp'>15:41:28</td>
																	<td class='step-details'>clicked radio button Text</td>
																</tr>
																<tr>
																	<td class='status info' title='info' alt='info'><i class='mdi-action-info-outline'></i></td>
																	<td class='timestamp'>15:41:28</td>
																	<td class='step-details'>clicked Next Step</td>
																</tr>
																<tr>
																	<td class='status info' title='info' alt='info'><i class='mdi-action-info-outline'></i></td>
																	<td class='timestamp'>15:41:28</td>
																	<td class='step-details'>clicked cross icon</td>
																</tr>
														</tbody>
													</table>
													<ul class='collapsible node-list' data-collapsible='accordion'>
													</ul>
												</div>
											</div>
										</li>
										<li class='collection-item test displayed active pass ' extentid='d3d42e7b-0932-44f7-81cc-df731557551e'>
											<div class='test-head'>
												<span class='test-name'>VRad UAT Verify invalid Login Report </span>
												<span class='test-status label right outline capitalize pass'>pass</span>
												<span class='category-assigned hide '></span>
											</div>
											<div class='test-body'>
												<div class='test-info'>
													<span title='Test started time' alt='Test started time' class='test-started-time label green lighten-1 text-white'>2022-09-21 15:41:33</span>
													<span title='Test ended time' alt='Test ended time' class='test-ended-time label red lighten-1 text-white'>2022-09-21 15:41:35</span>
													<span title='Time taken to finish' alt='Time taken to finish' class='test-time-taken label blue-grey lighten-3 text-white'>0h 0m 1s+657ms</span>
												</div>
												<div class='test-desc'></div>
												<div class='test-attributes'>
												</div>
												<div class='test-steps'>
													<table class='bordered table-results'>
														<thead>
															<tr>
																<th>Status</th>
																<th>Timestamp</th>
																<th>Details</th>
															</tr>
														</thead>
														<tbody>
																<tr>
																	<td class='status info' title='info' alt='info'><i class='mdi-action-info-outline'></i></td>
																	<td class='timestamp'>15:41:33</td>
																	<td class='step-details'>entered username as : ashwini.g@sstech.us</td>
																</tr>
																<tr>
																	<td class='status info' title='info' alt='info'><i class='mdi-action-info-outline'></i></td>
																	<td class='timestamp'>15:41:33</td>
																	<td class='step-details'>entered username as : wroungPassword</td>
																</tr>
																<tr>
																	<td class='status info' title='info' alt='info'><i class='mdi-action-info-outline'></i></td>
																	<td class='timestamp'>15:41:33</td>
																	<td class='step-details'>clicked signin button</td>
																</tr>
														</tbody>
													</table>
													<ul class='collapsible node-list' data-collapsible='accordion'>
													</ul>
												</div>
											</div>
										</li>
										<li class='collection-item test displayed active pass ' extentid='8dc358c6-a868-4468-b8e6-2a0c29f558e1'>
											<div class='test-head'>
												<span class='test-name'>VRad UAT Verify password vissibility Report </span>
												<span class='test-status label right outline capitalize pass'>pass</span>
												<span class='category-assigned hide '></span>
											</div>
											<div class='test-body'>
												<div class='test-info'>
													<span title='Test started time' alt='Test started time' class='test-started-time label green lighten-1 text-white'>2022-09-21 15:41:35</span>
													<span title='Test ended time' alt='Test ended time' class='test-ended-time label red lighten-1 text-white'>2022-09-21 15:41:35</span>
													<span title='Time taken to finish' alt='Time taken to finish' class='test-time-taken label blue-grey lighten-3 text-white'>0h 0m 0s+498ms</span>
												</div>
												<div class='test-desc'></div>
												<div class='test-attributes'>
												</div>
												<div class='test-steps'>
													<table class='bordered table-results'>
														<thead>
															<tr>
																<th>Status</th>
																<th>Timestamp</th>
																<th>Details</th>
															</tr>
														</thead>
														<tbody>
																<tr>
																	<td class='status info' title='info' alt='info'><i class='mdi-action-info-outline'></i></td>
																	<td class='timestamp'>15:41:35</td>
																	<td class='step-details'>entered valid user name as : ashwini.g@sstech.us</td>
																</tr>
																<tr>
																	<td class='status info' title='info' alt='info'><i class='mdi-action-info-outline'></i></td>
																	<td class='timestamp'>15:41:35</td>
																	<td class='step-details'>entered wroung password as : wroungPassword</td>
																</tr>
																<tr>
																	<td class='status info' title='info' alt='info'><i class='mdi-action-info-outline'></i></td>
																	<td class='timestamp'>15:41:35</td>
																	<td class='step-details'>clicked password view icon</td>
																</tr>
																<tr>
																	<td class='status pass' title='pass' alt='pass'><i class='mdi-action-check-circle'></i></td>
																	<td class='timestamp'>15:41:35</td>
																	<td class='step-details'>verified that the value is visibility off</td>
																</tr>
																<tr>
																	<td class='status pass' title='pass' alt='pass'><i class='mdi-action-check-circle'></i></td>
																	<td class='timestamp'>15:41:35</td>
																	<td class='step-details'>verified that the value is visibility on</td>
																</tr>
														</tbody>
													</table>
													<ul class='collapsible node-list' data-collapsible='accordion'>
													</ul>
												</div>
											</div>
										</li>
										<li class='collection-item test displayed active fail ' extentid='5763d368-2134-4951-9d96-651c0fd39d57'>
											<div class='test-head'>
												<span class='test-name'>VRad UAT Verify valid Login Report </span>
												<span class='test-status label right outline capitalize fail'>fail</span>
												<span class='category-assigned hide '></span>
											</div>
											<div class='test-body'>
												<div class='test-info'>
													<span title='Test started time' alt='Test started time' class='test-started-time label green lighten-1 text-white'>2022-09-21 15:41:35</span>
													<span title='Test ended time' alt='Test ended time' class='test-ended-time label red lighten-1 text-white'>2022-09-21 15:42:26</span>
													<span title='Time taken to finish' alt='Time taken to finish' class='test-time-taken label blue-grey lighten-3 text-white'>0h 0m 51s+436ms</span>
												</div>
												<div class='test-desc'></div>
												<div class='test-attributes'>
												</div>
												<div class='test-steps'>
													<table class='bordered table-results'>
														<thead>
															<tr>
																<th>Status</th>
																<th>Timestamp</th>
																<th>Details</th>
															</tr>
														</thead>
														<tbody>
																<tr>
																	<td class='status info' title='info' alt='info'><i class='mdi-action-info-outline'></i></td>
																	<td class='timestamp'>15:41:35</td>
																	<td class='step-details'>entered username as : ashwini.g@sstech.us</td>
																</tr>
																<tr>
																	<td class='status info' title='info' alt='info'><i class='mdi-action-info-outline'></i></td>
																	<td class='timestamp'>15:41:36</td>
																	<td class='step-details'>entered username as : Ashwini@123</td>
																</tr>
																<tr>
																	<td class='status info' title='info' alt='info'><i class='mdi-action-info-outline'></i></td>
																	<td class='timestamp'>15:41:36</td>
																	<td class='step-details'>clicked signin button</td>
																</tr>
																<tr>
																	<td class='status fail' title='fail' alt='fail'><i class='mdi-navigation-cancel'></i></td>
																	<td class='timestamp'>15:42:26</td>
																	<td class='step-details'><pre>org.openqa.selenium.TimeoutException: Expected condition failed: waiting for com.utils.SeleniumWaitUtils$1@51f1ee47 (tried for 50 second(s) with 15 milliseconds interval)
	at org.openqa.selenium.support.ui.FluentWait.timeoutException(FluentWait.java:263)
	at org.openqa.selenium.support.ui.FluentWait.until(FluentWait.java:231)
	at com.utils.SeleniumWaitUtils.doWaitForElement(SeleniumWaitUtils.java:24)
	at com.utils.SeleniumUIUtils.isDisplayed(SeleniumUIUtils.java:118)
	at com.tests.TSLogin.SignIn(TSLogin.java:90)
	at java.base/jdk.internal.reflect.NativeMethodAccessorImpl.invoke0(Native Method)
	at java.base/jdk.internal.reflect.NativeMethodAccessorImpl.invoke(NativeMethodAccessorImpl.java:77)
	at java.base/jdk.internal.reflect.DelegatingMethodAccessorImpl.invoke(DelegatingMethodAccessorImpl.java:43)
	at java.base/java.lang.reflect.Method.invoke(Method.java:568)
	at org.testng.internal.invokers.MethodInvocationHelper.invokeMethod(MethodInvocationHelper.java:139)
	at org.testng.internal.invokers.TestInvoker.invokeMethod(TestInvoker.java:677)
	at org.testng.internal.invokers.TestInvoker.invokeTestMethod(TestInvoker.java:221)
	at org.testng.internal.invokers.MethodRunner.runInSequence(MethodRunner.java:50)
	at org.testng.internal.invokers.TestInvoker$MethodInvocationAgent.invoke(TestInvoker.java:962)
	at org.testng.internal.invokers.TestInvoker.invokeTestMethods(TestInvoker.java:194)
	at org.testng.internal.invokers.TestMethodWorker.invokeTestMethods(TestMethodWorker.java:148)
	at org.testng.internal.invokers.TestMethodWorker.run(TestMethodWorker.java:128)
	at java.base/java.util.ArrayList.forEach(ArrayList.java:1511)
	at org.testng.TestRunner.privateRun(TestRunner.java:806)
	at org.testng.TestRunner.run(TestRunner.java:601)
	at org.testng.SuiteRunner.runTest(SuiteRunner.java:433)
	at org.testng.SuiteRunner.runSequentially(SuiteRunner.java:427)
	at org.testng.SuiteRunner.privateRun(SuiteRunner.java:387)
	at org.testng.SuiteRunner.run(SuiteRunner.java:330)
	at org.testng.SuiteRunnerWorker.runSuite(SuiteRunnerWorker.java:52)
	at org.testng.SuiteRunnerWorker.run(SuiteRunnerWorker.java:95)
	at org.testng.TestNG.runSuitesSequentially(TestNG.java:1256)
	at org.testng.TestNG.runSuitesLocally(TestNG.java:1176)
	at org.testng.TestNG.runSuites(TestNG.java:1099)
	at org.testng.TestNG.run(TestNG.java:1067)
	at org.testng.remote.AbstractRemoteTestNG.run(AbstractRemoteTestNG.java:115)
	at org.testng.remote.RemoteTestNG.initAndRun(RemoteTestNG.java:251)
	at org.testng.remote.RemoteTestNG.main(RemoteTestNG.java:77)
Caused by: org.openqa.selenium.NoSuchElementException: no such element: Unable to locate element: {"method":"css selector","selector":"#demo-simple-select"}
  (Session info: chrome=105.0.5195.102)
For documentation on this error, please visit: https://selenium.dev/exceptions/#no_such_element
Build info: version: '4.4.0', revision: 'e5c75ed026a'
System info: host: 'SSTINADMLP1150', ip: '192.168.1.12', os.name: 'Windows 10', os.arch: 'amd64', os.version: '10.0', java.version: '17.0.3'
Driver info: org.openqa.selenium.chrome.ChromeDriver
Command: [332f51ee76963cca75b85cc06141fd08, findElement {using=css selector, value=#demo-simple-select}]
Capabilities {acceptInsecureCerts: false, browserName: chrome, browserVersion: 105.0.5195.102, chrome: {chromedriverVersion: 105.0.5195.52 (412c95e51883..., userDataDir: C:\Users\ashwini.g\AppData\...}, goog:chromeOptions: {debuggerAddress: localhost:49717}, networkConnectionEnabled: false, pageLoadStrategy: normal, platformName: WINDOWS, proxy: Proxy(), se:cdp: ws://localhost:49717/devtoo..., se:cdpVersion: 105.0.5195.102, setWindowRect: true, strictFileInteractability: false, timeouts: {implicit: 0, pageLoad: 300000, script: 30000}, unhandledPromptBehavior: dismiss and notify, webauthn:extension:credBlob: true, webauthn:extension:largeBlob: true, webauthn:virtualAuthenticators: true}
Session ID: 332f51ee76963cca75b85cc06141fd08
	at jdk.internal.reflect.GeneratedConstructorAccessor19.newInstance(Unknown Source)
	at java.base/jdk.internal.reflect.DelegatingConstructorAccessorImpl.newInstance(DelegatingConstructorAccessorImpl.java:45)
	at java.base/java.lang.reflect.Constructor.newInstanceWithCaller(Constructor.java:499)
	at java.base/java.lang.reflect.Constructor.newInstance(Constructor.java:480)
	at org.openqa.selenium.remote.codec.w3c.W3CHttpResponseCodec.createException(W3CHttpResponseCodec.java:200)
	at org.openqa.selenium.remote.codec.w3c.W3CHttpResponseCodec.decode(W3CHttpResponseCodec.java:133)
	at org.openqa.selenium.remote.codec.w3c.W3CHttpResponseCodec.decode(W3CHttpResponseCodec.java:53)
	at org.openqa.selenium.remote.HttpCommandExecutor.execute(HttpCommandExecutor.java:184)
	at org.openqa.selenium.remote.service.DriverCommandExecutor.invokeExecute(DriverCommandExecutor.java:167)
	at org.openqa.selenium.remote.service.DriverCommandExecutor.execute(DriverCommandExecutor.java:142)
	at org.openqa.selenium.remote.RemoteWebDriver.execute(RemoteWebDriver.java:547)
	at org.openqa.selenium.remote.ElementLocation$ElementFinder$2.findElement(ElementLocation.java:162)
	at org.openqa.selenium.remote.ElementLocation.findElement(ElementLocation.java:60)
	at org.openqa.selenium.remote.RemoteWebDriver.findElement(RemoteWebDriver.java:365)
	at org.openqa.selenium.remote.RemoteWebDriver.findElement(RemoteWebDriver.java:357)
	at com.utils.SeleniumWaitUtils$1.apply(SeleniumWaitUtils.java:26)
	at com.utils.SeleniumWaitUtils$1.apply(SeleniumWaitUtils.java:1)
	at org.openqa.selenium.support.ui.FluentWait.until(FluentWait.java:208)
	... 31 more
</pre></td>
																</tr>
														</tbody>
													</table>
													<ul class='collapsible node-list' data-collapsible='accordion'>
													</ul>
												</div>
											</div>
										</li>
										<li class='collection-item test displayed active pass ' extentid='c11c2a67-f7a1-4092-b39e-3cb0ffa1d300'>
											<div class='test-head'>
												<span class='test-name'>VRad UAT Verify Title of ManageTemplate Report </span>
												<span class='test-status label right outline capitalize pass'>pass</span>
												<span class='category-assigned hide '></span>
											</div>
											<div class='test-body'>
												<div class='test-info'>
													<span title='Test started time' alt='Test started time' class='test-started-time label green lighten-1 text-white'>2022-09-21 15:42:33</span>
													<span title='Test ended time' alt='Test ended time' class='test-ended-time label red lighten-1 text-white'>2022-09-21 15:42:33</span>
													<span title='Time taken to finish' alt='Time taken to finish' class='test-time-taken label blue-grey lighten-3 text-white'>0h 0m 0s+395ms</span>
												</div>
												<div class='test-desc'></div>
												<div class='test-attributes'>
												</div>
												<div class='test-steps'>
													<table class='bordered table-results'>
														<thead>
															<tr>
																<th>Status</th>
																<th>Timestamp</th>
																<th>Details</th>
															</tr>
														</thead>
														<tbody>
																<tr>
																	<td class='status info' title='info' alt='info'><i class='mdi-action-info-outline'></i></td>
																	<td class='timestamp'>15:42:33</td>
																	<td class='step-details'>clicked expand button</td>
																</tr>
																<tr>
																	<td class='status info' title='info' alt='info'><i class='mdi-action-info-outline'></i></td>
																	<td class='timestamp'>15:42:33</td>
																	<td class='step-details'>clicked Manage Template button</td>
																</tr>
																<tr>
																	<td class='status info' title='info' alt='info'><i class='mdi-action-info-outline'></i></td>
																	<td class='timestamp'>15:42:33</td>
																	<td class='step-details'>verified Manage Template page is reached by the visibility of createNewTemplateButton</td>
																</tr>
																<tr>
																	<td class='status pass' title='pass' alt='pass'><i class='mdi-action-check-circle'></i></td>
																	<td class='timestamp'>15:42:33</td>
																	<td class='step-details'>verified main title</td>
																</tr>
																<tr>
																	<td class='status info' title='info' alt='info'><i class='mdi-action-info-outline'></i></td>
																	<td class='timestamp'>15:42:33</td>
																	<td class='step-details'>clicked cross icon</td>
																</tr>
														</tbody>
													</table>
													<ul class='collapsible node-list' data-collapsible='accordion'>
													</ul>
												</div>
											</div>
										</li>
										<li class='collection-item test displayed active fail ' extentid='12576c1d-9ebb-4329-bcdb-c4694fa7b8d3'>
											<div class='test-head'>
												<span class='test-name'>VRad UAT Verify creation of Template Report </span>
												<span class='test-status label right outline capitalize fail'>fail</span>
												<span class='category-assigned hide '></span>
											</div>
											<div class='test-body'>
												<div class='test-info'>
													<span title='Test started time' alt='Test started time' class='test-started-time label green lighten-1 text-white'>2022-09-21 15:42:36</span>
													<span title='Test ended time' alt='Test ended time' class='test-ended-time label red lighten-1 text-white'>2022-09-21 15:43:26</span>
													<span title='Time taken to finish' alt='Time taken to finish' class='test-time-taken label blue-grey lighten-3 text-white'>0h 0m 50s+333ms</span>
												</div>
												<div class='test-desc'></div>
												<div class='test-attributes'>
												</div>
												<div class='test-steps'>
													<table class='bordered table-results'>
														<thead>
															<tr>
																<th>Status</th>
																<th>Timestamp</th>
																<th>Details</th>
															</tr>
														</thead>
														<tbody>
																<tr>
																	<td class='status info' title='info' alt='info'><i class='mdi-action-info-outline'></i></td>
																	<td class='timestamp'>15:42:36</td>
																	<td class='step-details'>clicked expand button</td>
																</tr>
																<tr>
																	<td class='status info' title='info' alt='info'><i class='mdi-action-info-outline'></i></td>
																	<td class='timestamp'>15:42:36</td>
																	<td class='step-details'>clicked Manage Template button</td>
																</tr>
																<tr>
																	<td class='status info' title='info' alt='info'><i class='mdi-action-info-outline'></i></td>
																	<td class='timestamp'>15:42:36</td>
																	<td class='step-details'>clicked Create Template button</td>
																</tr>
																<tr>
																	<td class='status fail' title='fail' alt='fail'><i class='mdi-navigation-cancel'></i></td>
																	<td class='timestamp'>15:43:26</td>
																	<td class='step-details'><pre>org.openqa.selenium.TimeoutException: Expected condition failed: waiting for com.utils.SeleniumWaitUtils$1@152a8948 (tried for 50 second(s) with 15 milliseconds interval)
	at org.openqa.selenium.support.ui.FluentWait.timeoutException(FluentWait.java:263)
	at org.openqa.selenium.support.ui.FluentWait.until(FluentWait.java:231)
	at com.utils.SeleniumWaitUtils.doWaitForElement(SeleniumWaitUtils.java:24)
	at com.utils.SeleniumUIUtils.isDisplayed(SeleniumUIUtils.java:118)
	at com.tests.TSManageTemplates.VerifyCreateTemplate(TSManageTemplates.java:106)
	at java.base/jdk.internal.reflect.NativeMethodAccessorImpl.invoke0(Native Method)
	at java.base/jdk.internal.reflect.NativeMethodAccessorImpl.invoke(NativeMethodAccessorImpl.java:77)
	at java.base/jdk.internal.reflect.DelegatingMethodAccessorImpl.invoke(DelegatingMethodAccessorImpl.java:43)
	at java.base/java.lang.reflect.Method.invoke(Method.java:568)
	at org.testng.internal.invokers.MethodInvocationHelper.invokeMethod(MethodInvocationHelper.java:139)
	at org.testng.internal.invokers.TestInvoker.invokeMethod(TestInvoker.java:677)
	at org.testng.internal.invokers.TestInvoker.invokeTestMethod(TestInvoker.java:221)
	at org.testng.internal.invokers.MethodRunner.runInSequence(MethodRunner.java:50)
	at org.testng.internal.invokers.TestInvoker$MethodInvocationAgent.invoke(TestInvoker.java:962)
	at org.testng.internal.invokers.TestInvoker.invokeTestMethods(TestInvoker.java:194)
	at org.testng.internal.invokers.TestMethodWorker.invokeTestMethods(TestMethodWorker.java:148)
	at org.testng.internal.invokers.TestMethodWorker.run(TestMethodWorker.java:128)
	at java.base/java.util.ArrayList.forEach(ArrayList.java:1511)
	at org.testng.TestRunner.privateRun(TestRunner.java:806)
	at org.testng.TestRunner.run(TestRunner.java:601)
	at org.testng.SuiteRunner.runTest(SuiteRunner.java:433)
	at org.testng.SuiteRunner.runSequentially(SuiteRunner.java:427)
	at org.testng.SuiteRunner.privateRun(SuiteRunner.java:387)
	at org.testng.SuiteRunner.run(SuiteRunner.java:330)
	at org.testng.SuiteRunnerWorker.runSuite(SuiteRunnerWorker.java:52)
	at org.testng.SuiteRunnerWorker.run(SuiteRunnerWorker.java:95)
	at org.testng.TestNG.runSuitesSequentially(TestNG.java:1256)
	at org.testng.TestNG.runSuitesLocally(TestNG.java:1176)
	at org.testng.TestNG.runSuites(TestNG.java:1099)
	at org.testng.TestNG.run(TestNG.java:1067)
	at org.testng.remote.AbstractRemoteTestNG.run(AbstractRemoteTestNG.java:115)
	at org.testng.remote.RemoteTestNG.initAndRun(RemoteTestNG.java:251)
	at org.testng.remote.RemoteTestNG.main(RemoteTestNG.java:77)
Caused by: org.openqa.selenium.NoSuchElementException: no such element: Unable to locate element: {"method":"css selector","selector":"#TemplateName"}
  (Session info: chrome=105.0.5195.102)
For documentation on this error, please visit: https://selenium.dev/exceptions/#no_such_element
Build info: version: '4.4.0', revision: 'e5c75ed026a'
System info: host: 'SSTINADMLP1150', ip: '192.168.1.12', os.name: 'Windows 10', os.arch: 'amd64', os.version: '10.0', java.version: '17.0.3'
Driver info: org.openqa.selenium.chrome.ChromeDriver
Command: [2a50a580f5170157ac72e3040448f65b, findElement {using=id, value=TemplateName}]
Capabilities {acceptInsecureCerts: false, browserName: chrome, browserVersion: 105.0.5195.102, chrome: {chromedriverVersion: 105.0.5195.52 (412c95e51883..., userDataDir: C:\Users\ashwini.g\AppData\...}, goog:chromeOptions: {debuggerAddress: localhost:49780}, networkConnectionEnabled: false, pageLoadStrategy: normal, platformName: WINDOWS, proxy: Proxy(), se:cdp: ws://localhost:49780/devtoo..., se:cdpVersion: 105.0.5195.102, setWindowRect: true, strictFileInteractability: false, timeouts: {implicit: 0, pageLoad: 300000, script: 30000}, unhandledPromptBehavior: dismiss and notify, webauthn:extension:credBlob: true, webauthn:extension:largeBlob: true, webauthn:virtualAuthenticators: true}
Session ID: 2a50a580f5170157ac72e3040448f65b
	at jdk.internal.reflect.GeneratedConstructorAccessor19.newInstance(Unknown Source)
	at java.base/jdk.internal.reflect.DelegatingConstructorAccessorImpl.newInstance(DelegatingConstructorAccessorImpl.java:45)
	at java.base/java.lang.reflect.Constructor.newInstanceWithCaller(Constructor.java:499)
	at java.base/java.lang.reflect.Constructor.newInstance(Constructor.java:480)
	at org.openqa.selenium.remote.codec.w3c.W3CHttpResponseCodec.createException(W3CHttpResponseCodec.java:200)
	at org.openqa.selenium.remote.codec.w3c.W3CHttpResponseCodec.decode(W3CHttpResponseCodec.java:133)
	at org.openqa.selenium.remote.codec.w3c.W3CHttpResponseCodec.decode(W3CHttpResponseCodec.java:53)
	at org.openqa.selenium.remote.HttpCommandExecutor.execute(HttpCommandExecutor.java:184)
	at org.openqa.selenium.remote.service.DriverCommandExecutor.invokeExecute(DriverCommandExecutor.java:167)
	at org.openqa.selenium.remote.service.DriverCommandExecutor.execute(DriverCommandExecutor.java:142)
	at org.openqa.selenium.remote.RemoteWebDriver.execute(RemoteWebDriver.java:547)
	at org.openqa.selenium.remote.ElementLocation$ElementFinder$2.findElement(ElementLocation.java:162)
	at org.openqa.selenium.remote.ElementLocation.findElement(ElementLocation.java:60)
	at org.openqa.selenium.remote.RemoteWebDriver.findElement(RemoteWebDriver.java:365)
	at org.openqa.selenium.remote.RemoteWebDriver.findElement(RemoteWebDriver.java:357)
	at com.utils.SeleniumWaitUtils$1.apply(SeleniumWaitUtils.java:26)
	at com.utils.SeleniumWaitUtils$1.apply(SeleniumWaitUtils.java:1)
	at org.openqa.selenium.support.ui.FluentWait.until(FluentWait.java:208)
	... 31 more
</pre></td>
																</tr>
														</tbody>
													</table>
													<ul class='collapsible node-list' data-collapsible='accordion'>
													</ul>
												</div>
											</div>
										</li>
										<li class='collection-item test displayed active pass ' extentid='6a341cf9-4097-45ca-9a77-44322cc3c344'>
											<div class='test-head'>
												<span class='test-name'>VRad UAT Verify users displayed correspond to the showing selected Report </span>
												<span class='test-status label right outline capitalize pass'>pass</span>
												<span class='category-assigned hide '></span>
											</div>
											<div class='test-body'>
												<div class='test-info'>
													<span title='Test started time' alt='Test started time' class='test-started-time label green lighten-1 text-white'>2022-09-21 15:44:24</span>
													<span title='Test ended time' alt='Test ended time' class='test-ended-time label red lighten-1 text-white'>2022-09-21 15:44:35</span>
													<span title='Time taken to finish' alt='Time taken to finish' class='test-time-taken label blue-grey lighten-3 text-white'>0h 0m 11s+355ms</span>
												</div>
												<div class='test-desc'></div>
												<div class='test-attributes'>
												</div>
												<div class='test-steps'>
													<table class='bordered table-results'>
														<thead>
															<tr>
																<th>Status</th>
																<th>Timestamp</th>
																<th>Details</th>
															</tr>
														</thead>
														<tbody>
																<tr>
																	<td class='status info' title='info' alt='info'><i class='mdi-action-info-outline'></i></td>
																	<td class='timestamp'>15:44:24</td>
																	<td class='step-details'>clicked expand button</td>
																</tr>
																<tr>
																	<td class='status info' title='info' alt='info'><i class='mdi-action-info-outline'></i></td>
																	<td class='timestamp'>15:44:24</td>
																	<td class='step-details'>clicked manage users button in navigation panel</td>
																</tr>
																<tr>
																	<td class='status info' title='info' alt='info'><i class='mdi-action-info-outline'></i></td>
																	<td class='timestamp'>15:44:26</td>
																	<td class='step-details'>clicked showing drop down</td>
																</tr>
																<tr>
																	<td class='status info' title='info' alt='info'><i class='mdi-action-info-outline'></i></td>
																	<td class='timestamp'>15:44:27</td>
																	<td class='step-details'>selected active users</td>
																</tr>
																<tr>
																	<td class='status info' title='info' alt='info'><i class='mdi-action-info-outline'></i></td>
																	<td class='timestamp'>15:44:28</td>
																	<td class='step-details'>retrieved all records</td>
																</tr>
																<tr>
																	<td class='status info' title='info' alt='info'><i class='mdi-action-info-outline'></i></td>
																	<td class='timestamp'>15:44:28</td>
																	<td class='step-details'>iterating through every record</td>
																</tr>
																<tr>
																	<td class='status info' title='info' alt='info'><i class='mdi-action-info-outline'></i></td>
																	<td class='timestamp'>15:44:28</td>
																	<td class='step-details'>sai.webmet...
Admin
Sai-.Sandeep
Vatturi
Active
ravi.thota...
08 / 16 @ 6:12 am (CST)
ravi.thota...
08 / 16 @ 6:13 am (CST)</td>
																</tr>
																<tr>
																	<td class='status pass' title='pass' alt='pass'><i class='mdi-action-check-circle'></i></td>
																	<td class='timestamp'>15:44:28</td>
																	<td class='step-details'>is active record</td>
																</tr>
																<tr>
																	<td class='status info' title='info' alt='info'><i class='mdi-action-info-outline'></i></td>
																	<td class='timestamp'>15:44:28</td>
																	<td class='step-details'>iterating through every record</td>
																</tr>
																<tr>
																	<td class='status info' title='info' alt='info'><i class='mdi-action-info-outline'></i></td>
																	<td class='timestamp'>15:44:28</td>
																	<td class='step-details'>reshma.pok...
Admin
Reshma
p. okharkarr
Active
ravi.thota...
07 / 12 @ 3:27 pm (CST)
ravi.thota...
08 / 04 @ 1:13 pm (CST)</td>
																</tr>
																<tr>
																	<td class='status pass' title='pass' alt='pass'><i class='mdi-action-check-circle'></i></td>
																	<td class='timestamp'>15:44:28</td>
																	<td class='step-details'>is active record</td>
																</tr>
																<tr>
																	<td class='status info' title='info' alt='info'><i class='mdi-action-info-outline'></i></td>
																	<td class='timestamp'>15:44:28</td>
																	<td class='step-details'>iterating through every record</td>
																</tr>
																<tr>
																	<td class='status info' title='info' alt='info'><i class='mdi-action-info-outline'></i></td>
																	<td class='timestamp'>15:44:28</td>
																	<td class='step-details'>vandana@gm...
Admin
chekuri
doc
Active
ravi.thota...
07 / 12 @ 4:08 am (CST)
ravi.thota...
07 / 12 @ 4:24 am (CST)</td>
																</tr>
																<tr>
																	<td class='status pass' title='pass' alt='pass'><i class='mdi-action-check-circle'></i></td>
																	<td class='timestamp'>15:44:28</td>
																	<td class='step-details'>is active record</td>
																</tr>
																<tr>
																	<td class='status info' title='info' alt='info'><i class='mdi-action-info-outline'></i></td>
																	<td class='timestamp'>15:44:28</td>
																	<td class='step-details'>iterating through every record</td>
																</tr>
																<tr>
																	<td class='status info' title='info' alt='info'><i class='mdi-action-info-outline'></i></td>
																	<td class='timestamp'>15:44:29</td>
																	<td class='step-details'>kranthi.ja...
Reporting
Kran-thi
Jan.jarla
Active
paanii.ans...
07 / 11 @ 2:33 pm (CST)
ravi.thota...
08 / 05 @ 5:23 am (CST)</td>
																</tr>
																<tr>
																	<td class='status pass' title='pass' alt='pass'><i class='mdi-action-check-circle'></i></td>
																	<td class='timestamp'>15:44:29</td>
																	<td class='step-details'>is active record</td>
																</tr>
																<tr>
																	<td class='status info' title='info' alt='info'><i class='mdi-action-info-outline'></i></td>
																	<td class='timestamp'>15:44:29</td>
																	<td class='step-details'>iterating through every record</td>
																</tr>
																<tr>
																	<td class='status info' title='info' alt='info'><i class='mdi-action-info-outline'></i></td>
																	<td class='timestamp'>15:44:29</td>
																	<td class='step-details'>martha.bat...
Reporting
Martha
Battaglin
Active
paanii.ans...
07 / 11 @ 2:32 pm (CST)
reshma.pok...
08 / 04 @ 5:12 pm (CST)</td>
																</tr>
																<tr>
																	<td class='status pass' title='pass' alt='pass'><i class='mdi-action-check-circle'></i></td>
																	<td class='timestamp'>15:44:29</td>
																	<td class='step-details'>is active record</td>
																</tr>
																<tr>
																	<td class='status info' title='info' alt='info'><i class='mdi-action-info-outline'></i></td>
																	<td class='timestamp'>15:44:29</td>
																	<td class='step-details'>clicked showing drop down</td>
																</tr>
																<tr>
																	<td class='status info' title='info' alt='info'><i class='mdi-action-info-outline'></i></td>
																	<td class='timestamp'>15:44:30</td>
																	<td class='step-details'>selected inactive users</td>
																</tr>
																<tr>
																	<td class='status info' title='info' alt='info'><i class='mdi-action-info-outline'></i></td>
																	<td class='timestamp'>15:44:31</td>
																	<td class='step-details'>retrieved all records</td>
																</tr>
																<tr>
																	<td class='status info' title='info' alt='info'><i class='mdi-action-info-outline'></i></td>
																	<td class='timestamp'>15:44:31</td>
																	<td class='step-details'>iterating through every record</td>
																</tr>
																<tr>
																	<td class='status info' title='info' alt='info'><i class='mdi-action-info-outline'></i></td>
																	<td class='timestamp'>15:44:31</td>
																	<td class='step-details'>friday@wee...
Dispatch
fr
d
Inactive
ravi.thota...
08 / 19 @ 4:47 am (CST)
N/A
N/A</td>
																</tr>
																<tr>
																	<td class='status pass' title='pass' alt='pass'><i class='mdi-action-check-circle'></i></td>
																	<td class='timestamp'>15:44:31</td>
																	<td class='step-details'>is inactive record</td>
																</tr>
																<tr>
																	<td class='status info' title='info' alt='info'><i class='mdi-action-info-outline'></i></td>
																	<td class='timestamp'>15:44:31</td>
																	<td class='step-details'>iterating through every record</td>
																</tr>
																<tr>
																	<td class='status info' title='info' alt='info'><i class='mdi-action-info-outline'></i></td>
																	<td class='timestamp'>15:44:31</td>
																	<td class='step-details'>ashw@mail....
Dispatch
as.hw-ini
as.hw-ini
Inactive
ravi.thota...
08 / 05 @ 5:21 am (CST)
ravi.thota...
08 / 05 @ 6:37 am (CST)</td>
																</tr>
																<tr>
																	<td class='status pass' title='pass' alt='pass'><i class='mdi-action-check-circle'></i></td>
																	<td class='timestamp'>15:44:31</td>
																	<td class='step-details'>is inactive record</td>
																</tr>
																<tr>
																	<td class='status info' title='info' alt='info'><i class='mdi-action-info-outline'></i></td>
																	<td class='timestamp'>15:44:31</td>
																	<td class='step-details'>iterating through every record</td>
																</tr>
																<tr>
																	<td class='status info' title='info' alt='info'><i class='mdi-action-info-outline'></i></td>
																	<td class='timestamp'>15:44:31</td>
																	<td class='step-details'>sweeti.kum...
Dispatch
Sweeti
Kumari
Inactive
ravi.thota...
08 / 02 @ 8:43 am (CST)
N/A
N/A</td>
																</tr>
																<tr>
																	<td class='status pass' title='pass' alt='pass'><i class='mdi-action-check-circle'></i></td>
																	<td class='timestamp'>15:44:31</td>
																	<td class='step-details'>is inactive record</td>
																</tr>
																<tr>
																	<td class='status info' title='info' alt='info'><i class='mdi-action-info-outline'></i></td>
																	<td class='timestamp'>15:44:31</td>
																	<td class='step-details'>iterating through every record</td>
																</tr>
																<tr>
																	<td class='status info' title='info' alt='info'><i class='mdi-action-info-outline'></i></td>
																	<td class='timestamp'>15:44:31</td>
																	<td class='step-details'>ravi.agarw...
Dispatch
Ravi
agarwal
Inactive
ravi.thota...
07 / 28 @ 10:18 am (CST)
ravi.thota...
08 / 02 @ 8:50 am (CST)</td>
																</tr>
																<tr>
																	<td class='status pass' title='pass' alt='pass'><i class='mdi-action-check-circle'></i></td>
																	<td class='timestamp'>15:44:31</td>
																	<td class='step-details'>is inactive record</td>
																</tr>
																<tr>
																	<td class='status info' title='info' alt='info'><i class='mdi-action-info-outline'></i></td>
																	<td class='timestamp'>15:44:31</td>
																	<td class='step-details'>iterating through every record</td>
																</tr>
																<tr>
																	<td class='status info' title='info' alt='info'><i class='mdi-action-info-outline'></i></td>
																	<td class='timestamp'>15:44:31</td>
																	<td class='step-details'>Uat@mail.c...
Dispatch
UAt
Testing
Inactive
ravi.thota...
07 / 28 @ 8:42 am (CST)
ravi.thota...
07 / 28 @ 9:36 am (CST)</td>
																</tr>
																<tr>
																	<td class='status pass' title='pass' alt='pass'><i class='mdi-action-check-circle'></i></td>
																	<td class='timestamp'>15:44:31</td>
																	<td class='step-details'>is inactive record</td>
																</tr>
																<tr>
																	<td class='status info' title='info' alt='info'><i class='mdi-action-info-outline'></i></td>
																	<td class='timestamp'>15:44:31</td>
																	<td class='step-details'>clicked showing drop down</td>
																</tr>
																<tr>
																	<td class='status info' title='info' alt='info'><i class='mdi-action-info-outline'></i></td>
																	<td class='timestamp'>15:44:32</td>
																	<td class='step-details'>selected all users</td>
																</tr>
																<tr>
																	<td class='status info' title='info' alt='info'><i class='mdi-action-info-outline'></i></td>
																	<td class='timestamp'>15:44:33</td>
																	<td class='step-details'>retrieved all records</td>
																</tr>
																<tr>
																	<td class='status info' title='info' alt='info'><i class='mdi-action-info-outline'></i></td>
																	<td class='timestamp'>15:44:33</td>
																	<td class='step-details'>iterating through every record</td>
																</tr>
																<tr>
																	<td class='status info' title='info' alt='info'><i class='mdi-action-info-outline'></i></td>
																	<td class='timestamp'>15:44:33</td>
																	<td class='step-details'>friday@wee...
Dispatch
fr
d
Inactive
ravi.thota...
08 / 19 @ 4:47 am (CST)
N/A
N/A</td>
																</tr>
																<tr>
																	<td class='status pass' title='pass' alt='pass'><i class='mdi-action-check-circle'></i></td>
																	<td class='timestamp'>15:44:33</td>
																	<td class='step-details'>has either active or inactive record</td>
																</tr>
																<tr>
																	<td class='status info' title='info' alt='info'><i class='mdi-action-info-outline'></i></td>
																	<td class='timestamp'>15:44:33</td>
																	<td class='step-details'>iterating through every record</td>
																</tr>
																<tr>
																	<td class='status info' title='info' alt='info'><i class='mdi-action-info-outline'></i></td>
																	<td class='timestamp'>15:44:33</td>
																	<td class='step-details'>sai.webmet...
Admin
Sai-.Sandeep
Vatturi
Active
ravi.thota...
08 / 16 @ 6:12 am (CST)
ravi.thota...
08 / 16 @ 6:13 am (CST)</td>
																</tr>
																<tr>
																	<td class='status pass' title='pass' alt='pass'><i class='mdi-action-check-circle'></i></td>
																	<td class='timestamp'>15:44:33</td>
																	<td class='step-details'>has either active or inactive record</td>
																</tr>
																<tr>
																	<td class='status info' title='info' alt='info'><i class='mdi-action-info-outline'></i></td>
																	<td class='timestamp'>15:44:33</td>
																	<td class='step-details'>iterating through every record</td>
																</tr>
																<tr>
																	<td class='status info' title='info' alt='info'><i class='mdi-action-info-outline'></i></td>
																	<td class='timestamp'>15:44:33</td>
																	<td class='step-details'>ashw@mail....
Dispatch
as.hw-ini
as.hw-ini
Inactive
ravi.thota...
08 / 05 @ 5:21 am (CST)
ravi.thota...
08 / 05 @ 6:37 am (CST)</td>
																</tr>
																<tr>
																	<td class='status pass' title='pass' alt='pass'><i class='mdi-action-check-circle'></i></td>
																	<td class='timestamp'>15:44:33</td>
																	<td class='step-details'>has either active or inactive record</td>
																</tr>
																<tr>
																	<td class='status info' title='info' alt='info'><i class='mdi-action-info-outline'></i></td>
																	<td class='timestamp'>15:44:33</td>
																	<td class='step-details'>iterating through every record</td>
																</tr>
																<tr>
																	<td class='status info' title='info' alt='info'><i class='mdi-action-info-outline'></i></td>
																	<td class='timestamp'>15:44:33</td>
																	<td class='step-details'>sweeti.kum...
Dispatch
Sweeti
Kumari
Inactive
ravi.thota...
08 / 02 @ 8:43 am (CST)
N/A
N/A</td>
																</tr>
																<tr>
																	<td class='status pass' title='pass' alt='pass'><i class='mdi-action-check-circle'></i></td>
																	<td class='timestamp'>15:44:33</td>
																	<td class='step-details'>has either active or inactive record</td>
																</tr>
																<tr>
																	<td class='status info' title='info' alt='info'><i class='mdi-action-info-outline'></i></td>
																	<td class='timestamp'>15:44:33</td>
																	<td class='step-details'>iterating through every record</td>
																</tr>
																<tr>
																	<td class='status info' title='info' alt='info'><i class='mdi-action-info-outline'></i></td>
																	<td class='timestamp'>15:44:33</td>
																	<td class='step-details'>ravi.agarw...
Dispatch
Ravi
agarwal
Inactive
ravi.thota...
07 / 28 @ 10:18 am (CST)
ravi.thota...
08 / 02 @ 8:50 am (CST)</td>
																</tr>
																<tr>
																	<td class='status pass' title='pass' alt='pass'><i class='mdi-action-check-circle'></i></td>
																	<td class='timestamp'>15:44:33</td>
																	<td class='step-details'>has either active or inactive record</td>
																</tr>
														</tbody>
													</table>
													<ul class='collapsible node-list' data-collapsible='accordion'>
													</ul>
												</div>
											</div>
										</li>
										<li class='collection-item test displayed active pass ' extentid='2cc8a3a2-5017-47c1-a415-22e5f7cf9096'>
											<div class='test-head'>
												<span class='test-name'>VRad UAT Verify create new recipient Report </span>
												<span class='test-status label right outline capitalize pass'>pass</span>
												<span class='category-assigned hide '></span>
											</div>
											<div class='test-body'>
												<div class='test-info'>
													<span title='Test started time' alt='Test started time' class='test-started-time label green lighten-1 text-white'>2022-09-21 15:44:42</span>
													<span title='Test ended time' alt='Test ended time' class='test-ended-time label red lighten-1 text-white'>2022-09-21 15:44:48</span>
													<span title='Time taken to finish' alt='Time taken to finish' class='test-time-taken label blue-grey lighten-3 text-white'>0h 0m 5s+726ms</span>
												</div>
												<div class='test-desc'></div>
												<div class='test-attributes'>
												</div>
												<div class='test-steps'>
													<table class='bordered table-results'>
														<thead>
															<tr>
																<th>Status</th>
																<th>Timestamp</th>
																<th>Details</th>
															</tr>
														</thead>
														<tbody>
																<tr>
																	<td class='status info' title='info' alt='info'><i class='mdi-action-info-outline'></i></td>
																	<td class='timestamp'>15:44:42</td>
																	<td class='step-details'>clicked expand button</td>
																</tr>
																<tr>
																	<td class='status info' title='info' alt='info'><i class='mdi-action-info-outline'></i></td>
																	<td class='timestamp'>15:44:42</td>
																	<td class='step-details'>clicked expand button</td>
																</tr>
																<tr>
																	<td class='status pass' title='pass' alt='pass'><i class='mdi-action-check-circle'></i></td>
																	<td class='timestamp'>15:44:43</td>
																	<td class='step-details'>verified the title</td>
																</tr>
																<tr>
																	<td class='status info' title='info' alt='info'><i class='mdi-action-info-outline'></i></td>
																	<td class='timestamp'>15:44:43</td>
																	<td class='step-details'>clicked create new recipient</td>
																</tr>
																<tr>
																	<td class='status pass' title='pass' alt='pass'><i class='mdi-action-check-circle'></i></td>
																	<td class='timestamp'>15:44:46</td>
																	<td class='step-details'>verified the subtitle</td>
																</tr>
																<tr>
																	<td class='status info' title='info' alt='info'><i class='mdi-action-info-outline'></i></td>
																	<td class='timestamp'>15:44:47</td>
																	<td class='step-details'>entered values from excel</td>
																</tr>
																<tr>
																	<td class='status info' title='info' alt='info'><i class='mdi-action-info-outline'></i></td>
																	<td class='timestamp'>15:44:48</td>
																	<td class='step-details'>clicked cancel button</td>
																</tr>
																<tr>
																	<td class='status info' title='info' alt='info'><i class='mdi-action-info-outline'></i></td>
																	<td class='timestamp'>15:44:48</td>
																	<td class='step-details'>clicked cross symbol</td>
																</tr>
														</tbody>
													</table>
													<ul class='collapsible node-list' data-collapsible='accordion'>
													</ul>
												</div>
											</div>
										</li>
										<li class='collection-item test displayed active fail ' extentid='36cba41f-0fce-41fd-8b3b-cdbbb3f8b8c2'>
											<div class='test-head'>
												<span class='test-name'>VRad UAT Verify click edit on a record retrives exact record details Report </span>
												<span class='test-status label right outline capitalize fail'>fail</span>
												<span class='category-assigned hide '></span>
											</div>
											<div class='test-body'>
												<div class='test-info'>
													<span title='Test started time' alt='Test started time' class='test-started-time label green lighten-1 text-white'>2022-09-21 15:44:50</span>
													<span title='Test ended time' alt='Test ended time' class='test-ended-time label red lighten-1 text-white'>2022-09-21 15:44:54</span>
													<span title='Time taken to finish' alt='Time taken to finish' class='test-time-taken label blue-grey lighten-3 text-white'>0h 0m 4s+270ms</span>
												</div>
												<div class='test-desc'></div>
												<div class='test-attributes'>
												</div>
												<div class='test-steps'>
													<table class='bordered table-results'>
														<thead>
															<tr>
																<th>Status</th>
																<th>Timestamp</th>
																<th>Details</th>
															</tr>
														</thead>
														<tbody>
																<tr>
																	<td class='status info' title='info' alt='info'><i class='mdi-action-info-outline'></i></td>
																	<td class='timestamp'>15:44:50</td>
																	<td class='step-details'>clicked expand button</td>
																</tr>
																<tr>
																	<td class='status info' title='info' alt='info'><i class='mdi-action-info-outline'></i></td>
																	<td class='timestamp'>15:44:50</td>
																	<td class='step-details'>clicked expand button</td>
																</tr>
																<tr>
																	<td class='status info' title='info' alt='info'><i class='mdi-action-info-outline'></i></td>
																	<td class='timestamp'>15:44:52</td>
																	<td class='step-details'>Got all rows from table recipients</td>
																</tr>
																<tr>
																	<td class='status fail' title='fail' alt='fail'><i class='mdi-navigation-cancel'></i></td>
																	<td class='timestamp'>15:44:54</td>
																	<td class='step-details'><pre>org.openqa.selenium.NoSuchElementException: no such element: Unable to locate element: {"method":"css selector","selector":"div[class='MuiGrid-root MuiGrid-item MuiGrid-grid-xs-12 css-12nqbl7'] h6[class='MuiTypography-root MuiTypography-subtitle1 css-g72m4a']"}
  (Session info: chrome=105.0.5195.102)
For documentation on this error, please visit: https://selenium.dev/exceptions/#no_such_element
Build info: version: '4.4.0', revision: 'e5c75ed026a'
System info: host: 'SSTINADMLP1150', ip: '192.168.1.12', os.name: 'Windows 10', os.arch: 'amd64', os.version: '10.0', java.version: '17.0.3'
Driver info: org.openqa.selenium.chrome.ChromeDriver
Command: [ead2d2342ce2c343aba2e4fa49e005f7, findElement {using=css selector, value=div[class='MuiGrid-root MuiGrid-item MuiGrid-grid-xs-12 css-12nqbl7'] h6[class='MuiTypography-root MuiTypography-subtitle1 css-g72m4a']}]
Capabilities {acceptInsecureCerts: false, browserName: chrome, browserVersion: 105.0.5195.102, chrome: {chromedriverVersion: 105.0.5195.52 (412c95e51883..., userDataDir: C:\Users\ashwini.g\AppData\...}, goog:chromeOptions: {debuggerAddress: localhost:49923}, networkConnectionEnabled: false, pageLoadStrategy: normal, platformName: WINDOWS, proxy: Proxy(), se:cdp: ws://localhost:49923/devtoo..., se:cdpVersion: 105.0.5195.102, setWindowRect: true, strictFileInteractability: false, timeouts: {implicit: 0, pageLoad: 300000, script: 30000}, unhandledPromptBehavior: dismiss and notify, webauthn:extension:credBlob: true, webauthn:extension:largeBlob: true, webauthn:virtualAuthenticators: true}
Session ID: ead2d2342ce2c343aba2e4fa49e005f7
	at jdk.internal.reflect.GeneratedConstructorAccessor19.newInstance(Unknown Source)
	at java.base/jdk.internal.reflect.DelegatingConstructorAccessorImpl.newInstance(DelegatingConstructorAccessorImpl.java:45)
	at java.base/java.lang.reflect.Constructor.newInstanceWithCaller(Constructor.java:499)
	at java.base/java.lang.reflect.Constructor.newInstance(Constructor.java:480)
	at org.openqa.selenium.remote.codec.w3c.W3CHttpResponseCodec.createException(W3CHttpResponseCodec.java:200)
	at org.openqa.selenium.remote.codec.w3c.W3CHttpResponseCodec.decode(W3CHttpResponseCodec.java:133)
	at org.openqa.selenium.remote.codec.w3c.W3CHttpResponseCodec.decode(W3CHttpResponseCodec.java:53)
	at org.openqa.selenium.remote.HttpCommandExecutor.execute(HttpCommandExecutor.java:184)
	at org.openqa.selenium.remote.service.DriverCommandExecutor.invokeExecute(DriverCommandExecutor.java:167)
	at org.openqa.selenium.remote.service.DriverCommandExecutor.execute(DriverCommandExecutor.java:142)
	at org.openqa.selenium.remote.RemoteWebDriver.execute(RemoteWebDriver.java:547)
	at org.openqa.selenium.remote.ElementLocation$ElementFinder$2.findElement(ElementLocation.java:162)
	at org.openqa.selenium.remote.ElementLocation.findElement(ElementLocation.java:60)
	at org.openqa.selenium.remote.RemoteWebDriver.findElement(RemoteWebDriver.java:365)
	at org.openqa.selenium.remote.RemoteWebDriver.findElement(RemoteWebDriver.java:357)
	at com.tests.TSManageRecipients.VerifySelectingRecordAndClickingEditRetrivesExactRecord(TSManageRecipients.java:113)
	at java.base/jdk.internal.reflect.NativeMethodAccessorImpl.invoke0(Native Method)
	at java.base/jdk.internal.reflect.NativeMethodAccessorImpl.invoke(NativeMethodAccessorImpl.java:77)
	at java.base/jdk.internal.reflect.DelegatingMethodAccessorImpl.invoke(DelegatingMethodAccessorImpl.java:43)
	at java.base/java.lang.reflect.Method.invoke(Method.java:568)
	at org.testng.internal.invokers.MethodInvocationHelper.invokeMethod(MethodInvocationHelper.java:139)
	at org.testng.internal.invokers.TestInvoker.invokeMethod(TestInvoker.java:677)
	at org.testng.internal.invokers.TestInvoker.invokeTestMethod(TestInvoker.java:221)
	at org.testng.internal.invokers.MethodRunner.runInSequence(MethodRunner.java:50)
	at org.testng.internal.invokers.TestInvoker$MethodInvocationAgent.invoke(TestInvoker.java:962)
	at org.testng.internal.invokers.TestInvoker.invokeTestMethods(TestInvoker.java:194)
	at org.testng.internal.invokers.TestMethodWorker.invokeTestMethods(TestMethodWorker.java:148)
	at org.testng.internal.invokers.TestMethodWorker.run(TestMethodWorker.java:128)
	at java.base/java.util.ArrayList.forEach(ArrayList.java:1511)
	at org.testng.TestRunner.privateRun(TestRunner.java:806)
	at org.testng.TestRunner.run(TestRunner.java:601)
	at org.testng.SuiteRunner.runTest(SuiteRunner.java:433)
	at org.testng.SuiteRunner.runSequentially(SuiteRunner.java:427)
	at org.testng.SuiteRunner.privateRun(SuiteRunner.java:387)
	at org.testng.SuiteRunner.run(SuiteRunner.java:330)
	at org.testng.SuiteRunnerWorker.runSuite(SuiteRunnerWorker.java:52)
	at org.testng.SuiteRunnerWorker.run(SuiteRunnerWorker.java:95)
	at org.testng.TestNG.runSuitesSequentially(TestNG.java:1256)
	at org.testng.TestNG.runSuitesLocally(TestNG.java:1176)
	at org.testng.TestNG.runSuites(TestNG.java:1099)
	at org.testng.TestNG.run(TestNG.java:1067)
	at org.testng.remote.AbstractRemoteTestNG.run(AbstractRemoteTestNG.java:115)
	at org.testng.remote.RemoteTestNG.initAndRun(RemoteTestNG.java:251)
	at org.testng.remote.RemoteTestNG.main(RemoteTestNG.java:77)
</pre></td>
																</tr>
														</tbody>
													</table>
													<ul class='collapsible node-list' data-collapsible='accordion'>
													</ul>
												</div>
											</div>
										</li>
								</ul>
							</div>
						</div>
					</div>
				</div>
				<div id='test-details-wrapper' class='col _addedCell2'>
					<div class='contents'>
						<div class='card-panel details-view'>
							<h5 class='details-name'></h5>
							<div class='step-filters right'>
								<span class='btn-floating btn-small waves-effect waves-light blue' status='info' alt='info' title='info'><i class='mdi-action-info-outline'></i></span>
								<span class='btn-floating btn-small waves-effect waves-light green' status='pass' alt='pass' title='pass'><i class='mdi-action-check-circle'></i></span>
								<span class='btn-floating btn-small waves-effect waves-light red' status='fail' alt='fail' title='fail'><i class='mdi-navigation-cancel'></i></span>
								<span class='btn-floating btn-small waves-effect waves-light red darken-4' status='fatal' alt='fatal' title='fatal'><i class='mdi-navigation-cancel'></i></span>
								<span class='btn-floating btn-small waves-effect waves-light red lighten-2' status='error' alt='error' title='error'><i class='mdi-alert-error'></i></span>
								<span class='btn-floating btn-small waves-effect waves-light orange' alt='warning' status='warning' title='warning'><i class='mdi-alert-warning'></i></span>
								<span class='btn-floating btn-small waves-effect waves-light cyan' status='skip' alt='skip' title='skip'><i class='mdi-content-redo'></i></span>
								<span class='btn-floating btn-small waves-effect waves-light grey darken-2' status='clear-step-filter' alt='Clear filters' title='Clear filters'><i class='mdi-content-clear'></i></span>
							</div>
							<div class='details-container'>
							</div>
						</div>
					</div>
				</div>
			</div>
			<!-- /tests -->
			
			<!-- categories -->
			<!-- /categories -->
			
			<!-- exceptions -->
				<div id='exceptions-view' class='row _addedTable hide'>
					<div class='col _addedCell1'>
						<div class='contents'>
							<div class='card-panel heading'>
								<h5>Defects</h5>
							</div>
							<div class='card-panel filters'>
								<div class='search' alt='Search tests' title='Search tests'>
									<div class='input-field left'>
										<input id='searchTests' type='text' class='validate' placeholder='Search tests...'>
									</div>
									<a href="#" class='btn-floating btn-small waves-effect waves-light blue lighten-1'>
										<i class='mdi-action-search'></i>
									</a>
								</div>
							</div>
							<div class='card-panel no-padding-h no-padding-v'>
								<div class='wrapper'>
									<ul id='exception-collection' class='exception-collection'>
											<li class='exception-item displayed'>
												<div class='exception-head'>
													<span class='exception-name'>org.openqa.selenium.NoSuchElementException</span>
												</div>
												<div class='exception-test-count'>
													<span class='fail label'>1</span>
												</div>
												<div class='exception-body'>
													<div class='exception-tests'>
														<table class='bordered'>
															<thead>
																<tr>
																	<th>RunDate</th>
																	<th>Test Name</th>
																	<th>Exception</th>
																</tr>
															</thead>
															<tbody>
                                                                   <tr class='fail'>
                                                                       <td>2022-09-21 15:44:50</td>
                                                                       <td><span class='exception-link linked' extentid='36cba41f-0fce-41fd-8b3b-cdbbb3f8b8c2'>VRad UAT Verify click edit on a record retrives exact record details Report</span></td>
                                                                       <td><pre class='exception-message'>org.openqa.selenium.NoSuchElementException: no such element: Unable to locate element: {"method":"css selector","selector":"div[class='MuiGrid-root MuiGrid-item MuiGrid-grid-xs-12 css-12nqbl7'] h6[class='MuiTypography-root MuiTypography-subtitle1 css-g72m4a']"}
  (Session info: chrome=105.0.5195.102)
For documentation on this error, please visit: https://selenium.dev/exceptions/#no_such_element
Build info: version: '4.4.0', revision: 'e5c75ed026a'
System info: host: 'SSTINADMLP1150', ip: '192.168.1.12', os.name: 'Windows 10', os.arch: 'amd64', os.version: '10.0', java.version: '17.0.3'
Driver info: org.openqa.selenium.chrome.ChromeDriver
Command: [ead2d2342ce2c343aba2e4fa49e005f7, findElement {using=css selector, value=div[class='MuiGrid-root MuiGrid-item MuiGrid-grid-xs-12 css-12nqbl7'] h6[class='MuiTypography-root MuiTypography-subtitle1 css-g72m4a']}]
Capabilities {acceptInsecureCerts: false, browserName: chrome, browserVersion: 105.0.5195.102, chrome: {chromedriverVersion: 105.0.5195.52 (412c95e51883..., userDataDir: C:\Users\ashwini.g\AppData\...}, goog:chromeOptions: {debuggerAddress: localhost:49923}, networkConnectionEnabled: false, pageLoadStrategy: normal, platformName: WINDOWS, proxy: Proxy(), se:cdp: ws://localhost:49923/devtoo..., se:cdpVersion: 105.0.5195.102, setWindowRect: true, strictFileInteractability: false, timeouts: {implicit: 0, pageLoad: 300000, script: 30000}, unhandledPromptBehavior: dismiss and notify, webauthn:extension:credBlob: true, webauthn:extension:largeBlob: true, webauthn:virtualAuthenticators: true}
Session ID: ead2d2342ce2c343aba2e4fa49e005f7
	at jdk.internal.reflect.GeneratedConstructorAccessor19.newInstance(Unknown Source)
	at java.base/jdk.internal.reflect.DelegatingConstructorAccessorImpl.newInstance(DelegatingConstructorAccessorImpl.java:45)
	at java.base/java.lang.reflect.Constructor.newInstanceWithCaller(Constructor.java:499)
	at java.base/java.lang.reflect.Constructor.newInstance(Constructor.java:480)
	at org.openqa.selenium.remote.codec.w3c.W3CHttpResponseCodec.createException(W3CHttpResponseCodec.java:200)
	at org.openqa.selenium.remote.codec.w3c.W3CHttpResponseCodec.decode(W3CHttpResponseCodec.java:133)
	at org.openqa.selenium.remote.codec.w3c.W3CHttpResponseCodec.decode(W3CHttpResponseCodec.java:53)
	at org.openqa.selenium.remote.HttpCommandExecutor.execute(HttpCommandExecutor.java:184)
	at org.openqa.selenium.remote.service.DriverCommandExecutor.invokeExecute(DriverCommandExecutor.java:167)
	at org.openqa.selenium.remote.service.DriverCommandExecutor.execute(DriverCommandExecutor.java:142)
	at org.openqa.selenium.remote.RemoteWebDriver.execute(RemoteWebDriver.java:547)
	at org.openqa.selenium.remote.ElementLocation$ElementFinder$2.findElement(ElementLocation.java:162)
	at org.openqa.selenium.remote.ElementLocation.findElement(ElementLocation.java:60)
	at org.openqa.selenium.remote.RemoteWebDriver.findElement(RemoteWebDriver.java:365)
	at org.openqa.selenium.remote.RemoteWebDriver.findElement(RemoteWebDriver.java:357)
	at com.tests.TSManageRecipients.VerifySelectingRecordAndClickingEditRetrivesExactRecord(TSManageRecipients.java:113)
	at java.base/jdk.internal.reflect.NativeMethodAccessorImpl.invoke0(Native Method)
	at java.base/jdk.internal.reflect.NativeMethodAccessorImpl.invoke(NativeMethodAccessorImpl.java:77)
	at java.base/jdk.internal.reflect.DelegatingMethodAccessorImpl.invoke(DelegatingMethodAccessorImpl.java:43)
	at java.base/java.lang.reflect.Method.invoke(Method.java:568)
	at org.testng.internal.invokers.MethodInvocationHelper.invokeMethod(MethodInvocationHelper.java:139)
	at org.testng.internal.invokers.TestInvoker.invokeMethod(TestInvoker.java:677)
	at org.testng.internal.invokers.TestInvoker.invokeTestMethod(TestInvoker.java:221)
	at org.testng.internal.invokers.MethodRunner.runInSequence(MethodRunner.java:50)
	at org.testng.internal.invokers.TestInvoker$MethodInvocationAgent.invoke(TestInvoker.java:962)
	at org.testng.internal.invokers.TestInvoker.invokeTestMethods(TestInvoker.java:194)
	at org.testng.internal.invokers.TestMethodWorker.invokeTestMethods(TestMethodWorker.java:148)
	at org.testng.internal.invokers.TestMethodWorker.run(TestMethodWorker.java:128)
	at java.base/java.util.ArrayList.forEach(ArrayList.java:1511)
	at org.testng.TestRunner.privateRun(TestRunner.java:806)
	at org.testng.TestRunner.run(TestRunner.java:601)
	at org.testng.SuiteRunner.runTest(SuiteRunner.java:433)
	at org.testng.SuiteRunner.runSequentially(SuiteRunner.java:427)
	at org.testng.SuiteRunner.privateRun(SuiteRunner.java:387)
	at org.testng.SuiteRunner.run(SuiteRunner.java:330)
	at org.testng.SuiteRunnerWorker.runSuite(SuiteRunnerWorker.java:52)
	at org.testng.SuiteRunnerWorker.run(SuiteRunnerWorker.java:95)
	at org.testng.TestNG.runSuitesSequentially(TestNG.java:1256)
	at org.testng.TestNG.runSuitesLocally(TestNG.java:1176)
	at org.testng.TestNG.runSuites(TestNG.java:1099)
	at org.testng.TestNG.run(TestNG.java:1067)
	at org.testng.remote.AbstractRemoteTestNG.run(AbstractRemoteTestNG.java:115)
	at org.testng.remote.RemoteTestNG.initAndRun(RemoteTestNG.java:251)
	at org.testng.remote.RemoteTestNG.main(RemoteTestNG.java:77)
</pre></td>
                                                                   </tr>
                                                            </tbody>
														</table>
													</div>
												</div> 
											</li>
											<li class='exception-item displayed'>
												<div class='exception-head'>
													<span class='exception-name'>org.openqa.selenium.TimeoutException</span>
												</div>
												<div class='exception-test-count'>
													<span class='fail label'>2</span>
												</div>
												<div class='exception-body'>
													<div class='exception-tests'>
														<table class='bordered'>
															<thead>
																<tr>
																	<th>RunDate</th>
																	<th>Test Name</th>
																	<th>Exception</th>
																</tr>
															</thead>
															<tbody>
                                                                   <tr class='fail'>
                                                                       <td>2022-09-21 15:41:35</td>
                                                                       <td><span class='exception-link linked' extentid='5763d368-2134-4951-9d96-651c0fd39d57'>VRad UAT Verify valid Login Report</span></td>
                                                                       <td><pre class='exception-message'>org.openqa.selenium.TimeoutException: Expected condition failed: waiting for com.utils.SeleniumWaitUtils$1@51f1ee47 (tried for 50 second(s) with 15 milliseconds interval)
	at org.openqa.selenium.support.ui.FluentWait.timeoutException(FluentWait.java:263)
	at org.openqa.selenium.support.ui.FluentWait.until(FluentWait.java:231)
	at com.utils.SeleniumWaitUtils.doWaitForElement(SeleniumWaitUtils.java:24)
	at com.utils.SeleniumUIUtils.isDisplayed(SeleniumUIUtils.java:118)
	at com.tests.TSLogin.SignIn(TSLogin.java:90)
	at java.base/jdk.internal.reflect.NativeMethodAccessorImpl.invoke0(Native Method)
	at java.base/jdk.internal.reflect.NativeMethodAccessorImpl.invoke(NativeMethodAccessorImpl.java:77)
	at java.base/jdk.internal.reflect.DelegatingMethodAccessorImpl.invoke(DelegatingMethodAccessorImpl.java:43)
	at java.base/java.lang.reflect.Method.invoke(Method.java:568)
	at org.testng.internal.invokers.MethodInvocationHelper.invokeMethod(MethodInvocationHelper.java:139)
	at org.testng.internal.invokers.TestInvoker.invokeMethod(TestInvoker.java:677)
	at org.testng.internal.invokers.TestInvoker.invokeTestMethod(TestInvoker.java:221)
	at org.testng.internal.invokers.MethodRunner.runInSequence(MethodRunner.java:50)
	at org.testng.internal.invokers.TestInvoker$MethodInvocationAgent.invoke(TestInvoker.java:962)
	at org.testng.internal.invokers.TestInvoker.invokeTestMethods(TestInvoker.java:194)
	at org.testng.internal.invokers.TestMethodWorker.invokeTestMethods(TestMethodWorker.java:148)
	at org.testng.internal.invokers.TestMethodWorker.run(TestMethodWorker.java:128)
	at java.base/java.util.ArrayList.forEach(ArrayList.java:1511)
	at org.testng.TestRunner.privateRun(TestRunner.java:806)
	at org.testng.TestRunner.run(TestRunner.java:601)
	at org.testng.SuiteRunner.runTest(SuiteRunner.java:433)
	at org.testng.SuiteRunner.runSequentially(SuiteRunner.java:427)
	at org.testng.SuiteRunner.privateRun(SuiteRunner.java:387)
	at org.testng.SuiteRunner.run(SuiteRunner.java:330)
	at org.testng.SuiteRunnerWorker.runSuite(SuiteRunnerWorker.java:52)
	at org.testng.SuiteRunnerWorker.run(SuiteRunnerWorker.java:95)
	at org.testng.TestNG.runSuitesSequentially(TestNG.java:1256)
	at org.testng.TestNG.runSuitesLocally(TestNG.java:1176)
	at org.testng.TestNG.runSuites(TestNG.java:1099)
	at org.testng.TestNG.run(TestNG.java:1067)
	at org.testng.remote.AbstractRemoteTestNG.run(AbstractRemoteTestNG.java:115)
	at org.testng.remote.RemoteTestNG.initAndRun(RemoteTestNG.java:251)
	at org.testng.remote.RemoteTestNG.main(RemoteTestNG.java:77)
Caused by: org.openqa.selenium.NoSuchElementException: no such element: Unable to locate element: {"method":"css selector","selector":"#demo-simple-select"}
  (Session info: chrome=105.0.5195.102)
For documentation on this error, please visit: https://selenium.dev/exceptions/#no_such_element
Build info: version: '4.4.0', revision: 'e5c75ed026a'
System info: host: 'SSTINADMLP1150', ip: '192.168.1.12', os.name: 'Windows 10', os.arch: 'amd64', os.version: '10.0', java.version: '17.0.3'
Driver info: org.openqa.selenium.chrome.ChromeDriver
Command: [332f51ee76963cca75b85cc06141fd08, findElement {using=css selector, value=#demo-simple-select}]
Capabilities {acceptInsecureCerts: false, browserName: chrome, browserVersion: 105.0.5195.102, chrome: {chromedriverVersion: 105.0.5195.52 (412c95e51883..., userDataDir: C:\Users\ashwini.g\AppData\...}, goog:chromeOptions: {debuggerAddress: localhost:49717}, networkConnectionEnabled: false, pageLoadStrategy: normal, platformName: WINDOWS, proxy: Proxy(), se:cdp: ws://localhost:49717/devtoo..., se:cdpVersion: 105.0.5195.102, setWindowRect: true, strictFileInteractability: false, timeouts: {implicit: 0, pageLoad: 300000, script: 30000}, unhandledPromptBehavior: dismiss and notify, webauthn:extension:credBlob: true, webauthn:extension:largeBlob: true, webauthn:virtualAuthenticators: true}
Session ID: 332f51ee76963cca75b85cc06141fd08
	at jdk.internal.reflect.GeneratedConstructorAccessor19.newInstance(Unknown Source)
	at java.base/jdk.internal.reflect.DelegatingConstructorAccessorImpl.newInstance(DelegatingConstructorAccessorImpl.java:45)
	at java.base/java.lang.reflect.Constructor.newInstanceWithCaller(Constructor.java:499)
	at java.base/java.lang.reflect.Constructor.newInstance(Constructor.java:480)
	at org.openqa.selenium.remote.codec.w3c.W3CHttpResponseCodec.createException(W3CHttpResponseCodec.java:200)
	at org.openqa.selenium.remote.codec.w3c.W3CHttpResponseCodec.decode(W3CHttpResponseCodec.java:133)
	at org.openqa.selenium.remote.codec.w3c.W3CHttpResponseCodec.decode(W3CHttpResponseCodec.java:53)
	at org.openqa.selenium.remote.HttpCommandExecutor.execute(HttpCommandExecutor.java:184)
	at org.openqa.selenium.remote.service.DriverCommandExecutor.invokeExecute(DriverCommandExecutor.java:167)
	at org.openqa.selenium.remote.service.DriverCommandExecutor.execute(DriverCommandExecutor.java:142)
	at org.openqa.selenium.remote.RemoteWebDriver.execute(RemoteWebDriver.java:547)
	at org.openqa.selenium.remote.ElementLocation$ElementFinder$2.findElement(ElementLocation.java:162)
	at org.openqa.selenium.remote.ElementLocation.findElement(ElementLocation.java:60)
	at org.openqa.selenium.remote.RemoteWebDriver.findElement(RemoteWebDriver.java:365)
	at org.openqa.selenium.remote.RemoteWebDriver.findElement(RemoteWebDriver.java:357)
	at com.utils.SeleniumWaitUtils$1.apply(SeleniumWaitUtils.java:26)
	at com.utils.SeleniumWaitUtils$1.apply(SeleniumWaitUtils.java:1)
	at org.openqa.selenium.support.ui.FluentWait.until(FluentWait.java:208)
	... 31 more
</pre></td>
                                                                   </tr>
                                                                   <tr class='fail'>
                                                                       <td>2022-09-21 15:42:36</td>
                                                                       <td><span class='exception-link linked' extentid='12576c1d-9ebb-4329-bcdb-c4694fa7b8d3'>VRad UAT Verify creation of Template Report</span></td>
                                                                       <td><pre class='exception-message'>org.openqa.selenium.TimeoutException: Expected condition failed: waiting for com.utils.SeleniumWaitUtils$1@152a8948 (tried for 50 second(s) with 15 milliseconds interval)
	at org.openqa.selenium.support.ui.FluentWait.timeoutException(FluentWait.java:263)
	at org.openqa.selenium.support.ui.FluentWait.until(FluentWait.java:231)
	at com.utils.SeleniumWaitUtils.doWaitForElement(SeleniumWaitUtils.java:24)
	at com.utils.SeleniumUIUtils.isDisplayed(SeleniumUIUtils.java:118)
	at com.tests.TSManageTemplates.VerifyCreateTemplate(TSManageTemplates.java:106)
	at java.base/jdk.internal.reflect.NativeMethodAccessorImpl.invoke0(Native Method)
	at java.base/jdk.internal.reflect.NativeMethodAccessorImpl.invoke(NativeMethodAccessorImpl.java:77)
	at java.base/jdk.internal.reflect.DelegatingMethodAccessorImpl.invoke(DelegatingMethodAccessorImpl.java:43)
	at java.base/java.lang.reflect.Method.invoke(Method.java:568)
	at org.testng.internal.invokers.MethodInvocationHelper.invokeMethod(MethodInvocationHelper.java:139)
	at org.testng.internal.invokers.TestInvoker.invokeMethod(TestInvoker.java:677)
	at org.testng.internal.invokers.TestInvoker.invokeTestMethod(TestInvoker.java:221)
	at org.testng.internal.invokers.MethodRunner.runInSequence(MethodRunner.java:50)
	at org.testng.internal.invokers.TestInvoker$MethodInvocationAgent.invoke(TestInvoker.java:962)
	at org.testng.internal.invokers.TestInvoker.invokeTestMethods(TestInvoker.java:194)
	at org.testng.internal.invokers.TestMethodWorker.invokeTestMethods(TestMethodWorker.java:148)
	at org.testng.internal.invokers.TestMethodWorker.run(TestMethodWorker.java:128)
	at java.base/java.util.ArrayList.forEach(ArrayList.java:1511)
	at org.testng.TestRunner.privateRun(TestRunner.java:806)
	at org.testng.TestRunner.run(TestRunner.java:601)
	at org.testng.SuiteRunner.runTest(SuiteRunner.java:433)
	at org.testng.SuiteRunner.runSequentially(SuiteRunner.java:427)
	at org.testng.SuiteRunner.privateRun(SuiteRunner.java:387)
	at org.testng.SuiteRunner.run(SuiteRunner.java:330)
	at org.testng.SuiteRunnerWorker.runSuite(SuiteRunnerWorker.java:52)
	at org.testng.SuiteRunnerWorker.run(SuiteRunnerWorker.java:95)
	at org.testng.TestNG.runSuitesSequentially(TestNG.java:1256)
	at org.testng.TestNG.runSuitesLocally(TestNG.java:1176)
	at org.testng.TestNG.runSuites(TestNG.java:1099)
	at org.testng.TestNG.run(TestNG.java:1067)
	at org.testng.remote.AbstractRemoteTestNG.run(AbstractRemoteTestNG.java:115)
	at org.testng.remote.RemoteTestNG.initAndRun(RemoteTestNG.java:251)
	at org.testng.remote.RemoteTestNG.main(RemoteTestNG.java:77)
Caused by: org.openqa.selenium.NoSuchElementException: no such element: Unable to locate element: {"method":"css selector","selector":"#TemplateName"}
  (Session info: chrome=105.0.5195.102)
For documentation on this error, please visit: https://selenium.dev/exceptions/#no_such_element
Build info: version: '4.4.0', revision: 'e5c75ed026a'
System info: host: 'SSTINADMLP1150', ip: '192.168.1.12', os.name: 'Windows 10', os.arch: 'amd64', os.version: '10.0', java.version: '17.0.3'
Driver info: org.openqa.selenium.chrome.ChromeDriver
Command: [2a50a580f5170157ac72e3040448f65b, findElement {using=id, value=TemplateName}]
Capabilities {acceptInsecureCerts: false, browserName: chrome, browserVersion: 105.0.5195.102, chrome: {chromedriverVersion: 105.0.5195.52 (412c95e51883..., userDataDir: C:\Users\ashwini.g\AppData\...}, goog:chromeOptions: {debuggerAddress: localhost:49780}, networkConnectionEnabled: false, pageLoadStrategy: normal, platformName: WINDOWS, proxy: Proxy(), se:cdp: ws://localhost:49780/devtoo..., se:cdpVersion: 105.0.5195.102, setWindowRect: true, strictFileInteractability: false, timeouts: {implicit: 0, pageLoad: 300000, script: 30000}, unhandledPromptBehavior: dismiss and notify, webauthn:extension:credBlob: true, webauthn:extension:largeBlob: true, webauthn:virtualAuthenticators: true}
Session ID: 2a50a580f5170157ac72e3040448f65b
	at jdk.internal.reflect.GeneratedConstructorAccessor19.newInstance(Unknown Source)
	at java.base/jdk.internal.reflect.DelegatingConstructorAccessorImpl.newInstance(DelegatingConstructorAccessorImpl.java:45)
	at java.base/java.lang.reflect.Constructor.newInstanceWithCaller(Constructor.java:499)
	at java.base/java.lang.reflect.Constructor.newInstance(Constructor.java:480)
	at org.openqa.selenium.remote.codec.w3c.W3CHttpResponseCodec.createException(W3CHttpResponseCodec.java:200)
	at org.openqa.selenium.remote.codec.w3c.W3CHttpResponseCodec.decode(W3CHttpResponseCodec.java:133)
	at org.openqa.selenium.remote.codec.w3c.W3CHttpResponseCodec.decode(W3CHttpResponseCodec.java:53)
	at org.openqa.selenium.remote.HttpCommandExecutor.execute(HttpCommandExecutor.java:184)
	at org.openqa.selenium.remote.service.DriverCommandExecutor.invokeExecute(DriverCommandExecutor.java:167)
	at org.openqa.selenium.remote.service.DriverCommandExecutor.execute(DriverCommandExecutor.java:142)
	at org.openqa.selenium.remote.RemoteWebDriver.execute(RemoteWebDriver.java:547)
	at org.openqa.selenium.remote.ElementLocation$ElementFinder$2.findElement(ElementLocation.java:162)
	at org.openqa.selenium.remote.ElementLocation.findElement(ElementLocation.java:60)
	at org.openqa.selenium.remote.RemoteWebDriver.findElement(RemoteWebDriver.java:365)
	at org.openqa.selenium.remote.RemoteWebDriver.findElement(RemoteWebDriver.java:357)
	at com.utils.SeleniumWaitUtils$1.apply(SeleniumWaitUtils.java:26)
	at com.utils.SeleniumWaitUtils$1.apply(SeleniumWaitUtils.java:1)
	at org.openqa.selenium.support.ui.FluentWait.until(FluentWait.java:208)
	... 31 more
</pre></td>
                                                                   </tr>
                                                            </tbody>
														</table>
													</div>
												</div> 
											</li>
									</ul>
								</div>
							</div>
						</div>
					</div>
					<div id='exception-details-wrapper' class='col _addedCell2'>
						<div class='contents'>
							<div class='card-panel details-view'>
								<h5 class='exception-name'></h5>
								<div class='exception-container'>
								</div>
							</div>
						</div>
					</div>
				</div>
			<!-- /exceptions -->
			
			<!-- testrunner logs -->
			<!-- /testrunner logs -->
			
		</div>
		<!-- /container -->
		
		<!-- test dashboard counts setting -->
		<div id='test-count-setting' class='modal bottom-sheet'> 
			<div class='modal-content'> 
				<h5>Configure Tests Count Setting</h5> 
				<input name='test-count-setting' type='radio' id='parentWithoutNodes' class='with-gap'> 
				<label for='parentWithoutNodes'>Parent Tests Only (Does not include child nodes in counts)</label> 
				<br> 
				<input name='test-count-setting' type='radio' id='parentWithoutNodesAndNodes' class='with-gap'> 
				<label for='parentWithoutNodesAndNodes'>Parent Tests Without Child Tests + Child Tests</label> 
				<br> 
				<input name='test-count-setting' type='radio' id='childNodes' class='with-gap'> 
				<label for='childNodes'>Child Tests Only</label> 
			</div> 
			<div class='modal-footer'> 
				<a href='#!' class='modal-action modal-close waves-effect waves-green btn'>Save</a> 
			</div> 
		</div>
		<!-- /test dashboard counts setting -->
		
		<!-- filter for step status -->
		<div id='step-status-filter' class='modal bottom-sheet'> 
			<div class='modal-content'> 
				<h5>Select status</h5> 
				<input checked class='filled-in' type='checkbox' id='step-dashboard-filter-pass'> 
				<label for='step-dashboard-filter-pass'>Pass</label> 
				<br> 
				<input checked class='filled-in' type='checkbox' id='step-dashboard-filter-fail'> 
				<label for='step-dashboard-filter-fail'>Fail</label> 
				<br> 
				<input checked class='filled-in' type='checkbox' id='step-dashboard-filter-fatal'> 
				<label for='step-dashboard-filter-fatal'>Fatal</label> 
				<br> 
				<input checked class='filled-in' type='checkbox' id='step-dashboard-filter-error'> 
				<label for='step-dashboard-filter-error'>Error</label> 
				<br> 
				<input checked class='filled-in' type='checkbox' id='step-dashboard-filter-warning'> 
				<label for='step-dashboard-filter-warning'>Warning</label> 
				<br> 
				<input checked class='filled-in' type='checkbox' id='step-dashboard-filter-skip'> 
				<label for='step-dashboard-filter-skip'>Skipped</label> 
				<br> 
				<input checked class='filled-in' type='checkbox' id='step-dashboard-filter-info'> 
				<label for='step-dashboard-filter-info'>Info</label> 
				<br> 
				<input checked class='filled-in' type='checkbox' id='step-dashboard-filter-unknown'> 
				<label for='step-dashboard-filter-unknown'>Unknown</label> 
			</div>
			<div class='modal-footer'> 
				<a href='#!' class='modal-action modal-close waves-effect waves-green btn'>Save</a> 
			</div> 
		</div>
		<!-- /filter for step status -->
		
		<script src='https://cdn.rawgit.com/anshooarora/extentreports/6032d73243ba4fe4fb8769eb9c315d4fdf16fe68/cdn/extent.js' type='text/javascript'></script>

		<script>$(document).ready(function() { $('.logo span').html('ExtentReports'); });</script>
		<script>
				
            
                $(document).ready(function() {
                    
                });
            
        
		</script>
	</body>
</html>
