<!DOCTYPE html PUBLIC "-//W3C//DTD XHTML 1.1//EN" "https://www.w3.org/TR/xhtml11/DTD/xhtml11.dtd">
<html xmlns="https://www.w3.org/1999/xhtml">
<head>
<meta http-equiv="content-type" content="text/html; charset=UTF-8"/>
<title>TestNG Report</title>
<style type="text/css">table {margin-bottom:10px;border-collapse:collapse;empty-cells:show}th,td {border:1px solid #009;padding:.25em .5em}th {vertical-align:bottom}td {vertical-align:top}table a {font-weight:bold}.stripe td {background-color: #E6EBF9}.num {text-align:right}.passedodd td {background-color: #3F3}.passedeven td {background-color: #0A0}.skippedodd td {background-color: #DDD}.skippedeven td {background-color: #CCC}.failedodd td,.attn {background-color: #F33}.failedeven td,.stripe .attn {background-color: #D00}.stacktrace {white-space:pre;font-family:monospace}.totop {font-size:85%;text-align:center;border-bottom:2px solid #000}.invisible {display:none}</style>
</head>
<body>
<table>
<tr><th>Test</th><th># Passed</th><th># Skipped</th><th># Retried</th><th># Failed</th><th>Time (ms)</th><th>Included Groups</th><th>Excluded Groups</th></tr>
<tr><th colspan="8">Suite</th></tr>
<tr><td><a href="#t0">Test</a></td><td class="num">16</td><td class="num">0</td><td class="num">0</td><td class="num attn">1</td><td class="num">246,628</td><td></td><td></td></tr>
</table>
<table id='summary'><thead><tr><th>Class</th><th>Method</th><th>Start</th><th>Time (ms)</th></tr></thead><tbody><tr><th colspan="4">Suite</th></tr></tbody><tbody id="t0"><tr><th colspan="4">Test &#8212; failed (configuration methods)</th></tr><tr class="failedeven"><td rowspan="3">com.tests.TSLogin</td><td><a href="#m0">signout</a></td><td rowspan="3">1663760692845</td><td rowspan="3">1</td></tr><tr class="failedeven"><td><a href="#m1">signout</a></td></tr><tr class="failedeven"><td><a href="#m2">signout</a></td></tr><tr class="failedodd"><td rowspan="1">com.tests.TSManageTemplates</td><td><a href="#m3">signout</a></td><td rowspan="1">1663760776307</td><td rowspan="1">1102</td></tr><tr><th colspan="4">Test &#8212; failed</th></tr><tr class="failedeven"><td rowspan="1">com.tests.TSLogin</td><td><a href="#m4">SignIn</a></td><td rowspan="1">1663760693341</td><td rowspan="1">50948</td></tr><tr><th colspan="4">Test &#8212; passed</th></tr><tr class="passedeven"><td rowspan="2">com.tests.TSDashboard</td><td><a href="#m5">ActionsViewIconClick</a></td><td rowspan="1">1663760634814</td><td rowspan="1">6616</td></tr><tr class="passedeven"><td><a href="#m6">VerifySummaryPageRecordscorrespondToShowingDate</a></td><td rowspan="1">1663760629065</td><td rowspan="1">3364</td></tr><tr class="passedodd"><td rowspan="1">com.tests.TSForgotPassword</td><td><a href="#m7">forgotPassword</a></td><td rowspan="1">1663760620944</td><td rowspan="1">1634</td></tr><tr class="passedeven"><td rowspan="2">com.tests.TSLogin</td><td><a href="#m8">InvalidSignIn</a></td><td rowspan="1">1663760690992</td><td rowspan="1">1852</td></tr><tr class="passedeven"><td><a href="#m9">VerifyPasswordVisibility</a></td><td rowspan="1">1663760692851</td><td rowspan="1">486</td></tr><tr class="passedodd"><td rowspan="2">com.tests.TSManageRecipients</td><td><a href="#m10">VerifyCreateRecipient</a></td><td rowspan="1">1663760803051</td><td rowspan="1">5986</td></tr><tr class="passedodd"><td><a href="#m11">VerifySelectingRecordAndClickingEditRetrivesExactRecord</a></td><td rowspan="1">1663760811476</td><td rowspan="1">6922</td></tr><tr class="passedeven"><td rowspan="3">com.tests.TSManageTemplates</td><td><a href="#m12">VerifyCreateTemplate</a></td><td rowspan="1">1663760754052</td><td rowspan="1">1372</td></tr><tr class="passedeven"><td><a href="#m13">VerifyTitle</a></td><td rowspan="1">1663760750916</td><td rowspan="1">926</td></tr><tr class="passedeven"><td><a href="#m14">VerifyUsersRolesAccessiblity</a></td><td rowspan="1">1663760757815</td><td rowspan="1">18490</td></tr><tr class="passedodd"><td rowspan="1">com.tests.TSManageUsers</td><td><a href="#m15">VerifyUsersCorrespondingToTheShowing</a></td><td rowspan="1">1663760784085</td><td rowspan="1">11502</td></tr><tr class="passedeven"><td rowspan="4">com.tests.TSNavigationPanel</td><td><a href="#m16">VerifyExpandCollapse</a></td><td rowspan="1">1663760583360</td><td rowspan="1">268</td></tr><tr class="passedeven"><td><a href="#m17">verifyAllIconsOnCollapse</a></td><td rowspan="1">1663760586259</td><td rowspan="1">4025</td></tr><tr class="passedeven"><td><a href="#m18">verifyIconsOnExpandCorrespondingToRoles</a></td><td rowspan="1">1663760595584</td><td rowspan="1">18599</td></tr><tr class="passedeven"><td><a href="#m19">verifyUserAccountIconOnExpand</a></td><td rowspan="1">1663760592789</td><td rowspan="1">364</td></tr><tr class="passedodd"><td rowspan="1">com.tests.TSNewDispatch</td><td><a href="#m20">SendDispatch</a></td><td rowspan="1">1663760649318</td><td rowspan="1">35710</td></tr></tbody>
</table>
<h2>Test</h2><h3 id="m0">com.tests.TSLogin#signout</h3><table class="result"><tr class="param"><th>Parameter #1</th></tr><tr class="param stripe"><td>[TestResult name=InvalidSignIn status=SUCCESS method=TSLogin.InvalidSignIn()[pri:0, instance:com.tests.TSLogin@353352b6] output={null}]</td></tr><tr><th>Exception</th></tr><tr><td><div class="stacktrace">java.lang.IllegalArgumentException: Input must be set
	at org.openqa.selenium.internal.Require.nonNull(Require.java:59)
	at org.openqa.selenium.support.ui.FluentWait.&lt;init&gt;(FluentWait.java:97)
	at org.openqa.selenium.support.ui.FluentWait.&lt;init&gt;(FluentWait.java:88)
	at com.utils.SeleniumWaitUtils.doWaitForElement(SeleniumWaitUtils.java:21)
	at com.utils.SeleniumUIUtils.click(SeleniumUIUtils.java:57)
	at com.utils.CommonUtils.Logout(CommonUtils.java:93)
	at com.tests.TSLogin.signout(TSLogin.java:165)
	at java.base/java.util.ArrayList.forEach(ArrayList.java:1511)
... Removed 32 stack frames</div></td></tr></table><p class="totop"><a href="#summary">back to summary</a></p>
<h3 id="m1">com.tests.TSLogin#signout</h3><table class="result"><tr class="param"><th>Parameter #1</th></tr><tr class="param stripe"><td>[TestResult name=SignIn status=FAILURE method=TSLogin.SignIn()[pri:2, instance:com.tests.TSLogin@353352b6] output={null}]</td></tr><tr><th>Exception</th></tr><tr><td><div class="stacktrace">java.lang.IllegalArgumentException: Input must be set
	at org.openqa.selenium.internal.Require.nonNull(Require.java:59)
	at org.openqa.selenium.support.ui.FluentWait.&lt;init&gt;(FluentWait.java:97)
	at org.openqa.selenium.support.ui.FluentWait.&lt;init&gt;(FluentWait.java:88)
	at com.utils.SeleniumWaitUtils.doWaitForElement(SeleniumWaitUtils.java:21)
	at com.utils.SeleniumUIUtils.click(SeleniumUIUtils.java:57)
	at com.utils.CommonUtils.Logout(CommonUtils.java:93)
	at com.tests.TSLogin.signout(TSLogin.java:165)
	at java.base/java.util.ArrayList.forEach(ArrayList.java:1511)
... Removed 32 stack frames</div></td></tr></table><p class="totop"><a href="#summary">back to summary</a></p>
<h3 id="m2">com.tests.TSLogin#signout</h3><table class="result"><tr class="param"><th>Parameter #1</th></tr><tr class="param stripe"><td>[TestResult name=VerifyPasswordVisibility status=SUCCESS method=TSLogin.VerifyPasswordVisibility()[pri:1, instance:com.tests.TSLogin@353352b6] output={null}]</td></tr><tr><th>Exception</th></tr><tr><td><div class="stacktrace">java.lang.IllegalArgumentException: Input must be set
	at org.openqa.selenium.internal.Require.nonNull(Require.java:59)
	at org.openqa.selenium.support.ui.FluentWait.&lt;init&gt;(FluentWait.java:97)
	at org.openqa.selenium.support.ui.FluentWait.&lt;init&gt;(FluentWait.java:88)
	at com.utils.SeleniumWaitUtils.doWaitForElement(SeleniumWaitUtils.java:21)
	at com.utils.SeleniumUIUtils.click(SeleniumUIUtils.java:57)
	at com.utils.CommonUtils.Logout(CommonUtils.java:93)
	at com.tests.TSLogin.signout(TSLogin.java:165)
	at java.base/java.util.ArrayList.forEach(ArrayList.java:1511)
... Removed 32 stack frames</div></td></tr></table><p class="totop"><a href="#summary">back to summary</a></p>
<h3 id="m3">com.tests.TSManageTemplates#signout</h3><table class="result"><tr class="param"><th>Parameter #1</th></tr><tr class="param stripe"><td>[TestResult name=VerifyUsersRolesAccessiblity status=SUCCESS method=TSManageTemplates.VerifyUsersRolesAccessiblity()[pri:2, instance:com.tests.TSManageTemplates@57a78e3] output={null}]</td></tr><tr><th>Exception</th></tr><tr><td><div class="stacktrace">org.openqa.selenium.ElementClickInterceptedException: element click intercepted: Element &lt;div class=&quot;MuiListItemText-root MuiListItemText-multiline css-1k0uu2f&quot;&gt;...&lt;/div&gt; is not clickable at point (124, 584). Other element would receive the click: &lt;div class=&quot;tss-1qtl85h-MUIDataTableBodyCell-root tss-1vd39vz-MUIDataTableBodyCell-stackedCommon tss-11ncqdm-MUIDataTableBodyCell-responsiveStackedSmall&quot;&gt;...&lt;/div&gt;
  (Session info: chrome=105.0.5195.102)
Build info: version: &apos;4.4.0&apos;, revision: &apos;e5c75ed026a&apos;
System info: host: &apos;SSTINADMLP1150&apos;, ip: &apos;192.168.1.12&apos;, os.name: &apos;Windows 10&apos;, os.arch: &apos;amd64&apos;, os.version: &apos;10.0&apos;, java.version: &apos;17.0.3&apos;
Driver info: org.openqa.selenium.chrome.ChromeDriver
Command: [6665a29c6154e707125a1ae6eb234ccc, clickElement {id=ef9191c9-e1ae-4483-9c55-a097e1d4b94f}]
Capabilities {acceptInsecureCerts: false, browserName: chrome, browserVersion: 105.0.5195.102, chrome: {chromedriverVersion: 105.0.5195.52 (412c95e51883..., userDataDir: C:\Users\ashwini.g\AppData\...}, goog:chromeOptions: {debuggerAddress: localhost:60938}, networkConnectionEnabled: false, pageLoadStrategy: normal, platformName: WINDOWS, proxy: Proxy(), se:cdp: ws://localhost:60938/devtoo..., se:cdpVersion: 105.0.5195.102, setWindowRect: true, strictFileInteractability: false, timeouts: {implicit: 0, pageLoad: 300000, script: 30000}, unhandledPromptBehavior: dismiss and notify, webauthn:extension:credBlob: true, webauthn:extension:largeBlob: true, webauthn:virtualAuthenticators: true}
Element: [[ChromeDriver: chrome on WINDOWS (6665a29c6154e707125a1ae6eb234ccc)] -&gt; xpath: //div[@class=&apos;MuiListItemText-root MuiListItemText-multiline css-1k0uu2f&apos;]]
Session ID: 6665a29c6154e707125a1ae6eb234ccc
	at org.openqa.selenium.remote.codec.w3c.W3CHttpResponseCodec.createException(W3CHttpResponseCodec.java:200)
	at org.openqa.selenium.remote.codec.w3c.W3CHttpResponseCodec.decode(W3CHttpResponseCodec.java:133)
	at org.openqa.selenium.remote.codec.w3c.W3CHttpResponseCodec.decode(W3CHttpResponseCodec.java:53)
	at org.openqa.selenium.remote.HttpCommandExecutor.execute(HttpCommandExecutor.java:184)
	at org.openqa.selenium.remote.service.DriverCommandExecutor.invokeExecute(DriverCommandExecutor.java:167)
	at org.openqa.selenium.remote.service.DriverCommandExecutor.execute(DriverCommandExecutor.java:142)
	at org.openqa.selenium.remote.RemoteWebDriver.execute(RemoteWebDriver.java:547)
	at org.openqa.selenium.remote.RemoteWebElement.execute(RemoteWebElement.java:257)
	at org.openqa.selenium.remote.RemoteWebElement.click(RemoteWebElement.java:78)
	at com.utils.SeleniumUIUtils.click(SeleniumUIUtils.java:57)
	at com.utils.CommonUtils.Logout(CommonUtils.java:93)
	at com.tests.TSManageTemplates.signout(TSManageTemplates.java:217)
	at java.base/java.util.ArrayList.forEach(ArrayList.java:1511)
... Removed 37 stack frames</div></td></tr></table><p class="totop"><a href="#summary">back to summary</a></p>
<h3 id="m4">com.tests.TSLogin#SignIn</h3><table class="result"><tr><th>Exception</th></tr><tr><td><div class="stacktrace">org.openqa.selenium.TimeoutException: Expected condition failed: waiting for com.utils.SeleniumWaitUtils$1@9443150 (tried for 50 second(s) with 15 milliseconds interval)
	at org.openqa.selenium.support.ui.FluentWait.timeoutException(FluentWait.java:263)
	at org.openqa.selenium.support.ui.FluentWait.until(FluentWait.java:231)
	at com.utils.SeleniumWaitUtils.doWaitForElement(SeleniumWaitUtils.java:24)
	at com.utils.SeleniumUIUtils.isDisplayed(SeleniumUIUtils.java:118)
	at com.tests.TSLogin.SignIn(TSLogin.java:90)
	at java.base/java.util.ArrayList.forEach(ArrayList.java:1511)
Caused by: org.openqa.selenium.NoSuchElementException: no such element: Unable to locate element: {&quot;method&quot;:&quot;css selector&quot;,&quot;selector&quot;:&quot;#demo-simple-select&quot;}
  (Session info: chrome=105.0.5195.102)
For documentation on this error, please visit: https://selenium.dev/exceptions/#no_such_element
Build info: version: &apos;4.4.0&apos;, revision: &apos;e5c75ed026a&apos;
System info: host: &apos;SSTINADMLP1150&apos;, ip: &apos;192.168.1.12&apos;, os.name: &apos;Windows 10&apos;, os.arch: &apos;amd64&apos;, os.version: &apos;10.0&apos;, java.version: &apos;17.0.3&apos;
Driver info: org.openqa.selenium.chrome.ChromeDriver
Command: [f04ddd4465df39ab4b984ff2c025dabf, findElement {using=css selector, value=#demo-simple-select}]
Capabilities {acceptInsecureCerts: false, browserName: chrome, browserVersion: 105.0.5195.102, chrome: {chromedriverVersion: 105.0.5195.52 (412c95e51883..., userDataDir: C:\Users\ashwini.g\AppData\...}, goog:chromeOptions: {debuggerAddress: localhost:60876}, networkConnectionEnabled: false, pageLoadStrategy: normal, platformName: WINDOWS, proxy: Proxy(), se:cdp: ws://localhost:60876/devtoo..., se:cdpVersion: 105.0.5195.102, setWindowRect: true, strictFileInteractability: false, timeouts: {implicit: 0, pageLoad: 300000, script: 30000}, unhandledPromptBehavior: dismiss and notify, webauthn:extension:credBlob: true, webauthn:extension:largeBlob: true, webauthn:virtualAuthenticators: true}
Session ID: f04ddd4465df39ab4b984ff2c025dabf
	at org.openqa.selenium.remote.codec.w3c.W3CHttpResponseCodec.createException(W3CHttpResponseCodec.java:200)
	at org.openqa.selenium.remote.codec.w3c.W3CHttpResponseCodec.decode(W3CHttpResponseCodec.java:133)
	at org.openqa.selenium.remote.codec.w3c.W3CHttpResponseCodec.decode(W3CHttpResponseCodec.java:53)
	at org.openqa.selenium.remote.HttpCommandExecutor.execute(HttpCommandExecutor.java:184)
	at org.openqa.selenium.remote.service.DriverCommandExecutor.invokeExecute(DriverCommandExecutor.java:167)
	at org.openqa.selenium.remote.service.DriverCommandExecutor.execute(DriverCommandExecutor.java:142)
	at org.openqa.selenium.remote.RemoteWebDriver.execute(RemoteWebDriver.java:547)
	at org.openqa.selenium.remote.ElementLocation$ElementFinder$2.findElement(ElementLocation.java:162)
	at org.openqa.selenium.remote.ElementLocation.findElement(ElementLocation.java:60)
	at org.openqa.selenium.remote.RemoteWebDriver.findElement(RemoteWebDriver.java:365)
	at org.openqa.selenium.remote.RemoteWebDriver.findElement(RemoteWebDriver.java:357)
	at com.utils.SeleniumWaitUtils$1.apply(SeleniumWaitUtils.java:26)
	at com.utils.SeleniumWaitUtils$1.apply(SeleniumWaitUtils.java:1)
	at org.openqa.selenium.support.ui.FluentWait.until(FluentWait.java:208)
	... 31 more
... Removed 31 stack frames</div></td></tr></table><p class="totop"><a href="#summary">back to summary</a></p>
<h3 id="m5">com.tests.TSDashboard#ActionsViewIconClick</h3><table class="result"><tr><th class="invisible"/></tr></table><p class="totop"><a href="#summary">back to summary</a></p>
<h3 id="m6">com.tests.TSDashboard#VerifySummaryPageRecordscorrespondToShowingDate</h3><table class="result"><tr><th class="invisible"/></tr></table><p class="totop"><a href="#summary">back to summary</a></p>
<h3 id="m7">com.tests.TSForgotPassword#forgotPassword</h3><table class="result"><tr><th class="invisible"/></tr></table><p class="totop"><a href="#summary">back to summary</a></p>
<h3 id="m8">com.tests.TSLogin#InvalidSignIn</h3><table class="result"><tr><th class="invisible"/></tr></table><p class="totop"><a href="#summary">back to summary</a></p>
<h3 id="m9">com.tests.TSLogin#VerifyPasswordVisibility</h3><table class="result"><tr><th class="invisible"/></tr></table><p class="totop"><a href="#summary">back to summary</a></p>
<h3 id="m10">com.tests.TSManageRecipients#VerifyCreateRecipient</h3><table class="result"><tr><th class="invisible"/></tr></table><p class="totop"><a href="#summary">back to summary</a></p>
<h3 id="m11">com.tests.TSManageRecipients#VerifySelectingRecordAndClickingEditRetrivesExactRecord</h3><table class="result"><tr><th class="invisible"/></tr></table><p class="totop"><a href="#summary">back to summary</a></p>
<h3 id="m12">com.tests.TSManageTemplates#VerifyCreateTemplate</h3><table class="result"><tr><th class="invisible"/></tr></table><p class="totop"><a href="#summary">back to summary</a></p>
<h3 id="m13">com.tests.TSManageTemplates#VerifyTitle</h3><table class="result"><tr><th class="invisible"/></tr></table><p class="totop"><a href="#summary">back to summary</a></p>
<h3 id="m14">com.tests.TSManageTemplates#VerifyUsersRolesAccessiblity</h3><table class="result"><tr><th class="invisible"/></tr></table><p class="totop"><a href="#summary">back to summary</a></p>
<h3 id="m15">com.tests.TSManageUsers#VerifyUsersCorrespondingToTheShowing</h3><table class="result"><tr><th class="invisible"/></tr></table><p class="totop"><a href="#summary">back to summary</a></p>
<h3 id="m16">com.tests.TSNavigationPanel#VerifyExpandCollapse</h3><table class="result"><tr><th class="invisible"/></tr></table><p class="totop"><a href="#summary">back to summary</a></p>
<h3 id="m17">com.tests.TSNavigationPanel#verifyAllIconsOnCollapse</h3><table class="result"><tr><th class="invisible"/></tr></table><p class="totop"><a href="#summary">back to summary</a></p>
<h3 id="m18">com.tests.TSNavigationPanel#verifyIconsOnExpandCorrespondingToRoles</h3><table class="result"><tr><th class="invisible"/></tr></table><p class="totop"><a href="#summary">back to summary</a></p>
<h3 id="m19">com.tests.TSNavigationPanel#verifyUserAccountIconOnExpand</h3><table class="result"><tr><th class="invisible"/></tr></table><p class="totop"><a href="#summary">back to summary</a></p>
<h3 id="m20">com.tests.TSNewDispatch#SendDispatch</h3><table class="result"><tr><th class="invisible"/></tr></table><p class="totop"><a href="#summary">back to summary</a></p>
</body>
</html>
