<?xml version="1.0" encoding="UTF-8"?>
<!-- Generated by org.testng.reporters.JUnitXMLReporter -->
<testsuite ignored="0" hostname="SSTINADMLP1150" failures="0" tests="4" name="Default test" time="0.06" errors="0" timestamp="2022-09-19T12:40:12 IST">
  <testcase classname="com.tests.TSNavigationPanel" name="@BeforeClass init" time="-1.663571412401E9">
    <failure type="org.testng.TestNGException" message="
Parameter &amp;apos;browser&amp;apos; is required by BeforeClass on method init but has not been marked @Optional or defined
in C:\Users\ashwini.g\AppData\Local\Temp\testng-eclipse-420246935\testng-customsuite.xml">
      <![CDATA[org.testng.TestNGException: 
Parameter 'browser' is required by BeforeClass on method init but has not been marked @Optional or defined
in C:\Users\ashwini.g\AppData\Local\Temp\testng-eclipse-420246935\testng-customsuite.xml
at org.testng.internal.Parameters.createParams(Parameters.java:267)
at org.testng.internal.Parameters.createParametersForMethod(Parameters.java:355)
at org.testng.internal.Parameters.createParameters(Parameters.java:684)
at org.testng.internal.Parameters.createConfigurationParameters(Parameters.java:166)
at org.testng.internal.invokers.ConfigInvoker.invokeConfigurations(ConfigInvoker.java:277)
at org.testng.internal.invokers.TestMethodWorker.invokeBeforeClassMethods(TestMethodWorker.java:180)
at org.testng.internal.invokers.TestMethodWorker.run(TestMethodWorker.java:122)
at java.base/java.util.ArrayList.forEach(ArrayList.java:1511)
at org.testng.TestRunner.privateRun(TestRunner.java:806)
at org.testng.TestRunner.run(TestRunner.java:601)
at org.testng.SuiteRunner.runTest(SuiteRunner.java:433)
at org.testng.SuiteRunner.runSequentially(SuiteRunner.java:427)
at org.testng.SuiteRunner.privateRun(SuiteRunner.java:387)
at org.testng.SuiteRunner.run(SuiteRunner.java:330)
at org.testng.SuiteRunnerWorker.runSuite(SuiteRunnerWorker.java:52)
at org.testng.SuiteRunnerWorker.run(SuiteRunnerWorker.java:95)
at org.testng.TestNG.runSuitesSequentially(TestNG.java:1256)
at org.testng.TestNG.runSuitesLocally(TestNG.java:1176)
at org.testng.TestNG.runSuites(TestNG.java:1099)
at org.testng.TestNG.run(TestNG.java:1067)
at org.testng.remote.AbstractRemoteTestNG.run(AbstractRemoteTestNG.java:115)
at org.testng.remote.RemoteTestNG.initAndRun(RemoteTestNG.java:251)
at org.testng.remote.RemoteTestNG.main(RemoteTestNG.java:77)
]]>
    </failure>
  </testcase> <!-- @BeforeClass init -->
  <testcase classname="com.tests.TSNavigationPanel" name="@BeforeMethod setUp" time="0.0">
    <skipped/>
  </testcase> <!-- @BeforeMethod setUp -->
  <testcase classname="com.tests.TSNavigationPanel" name="@AfterMethod signout" time="0.0">
    <skipped/>
  </testcase> <!-- @AfterMethod signout -->
  <testcase classname="com.tests.TSNavigationPanel" name="@BeforeMethod setUp" time="0.0">
    <skipped/>
  </testcase> <!-- @BeforeMethod setUp -->
  <testcase classname="com.tests.TSNavigationPanel" name="@AfterMethod signout" time="0.0">
    <skipped/>
  </testcase> <!-- @AfterMethod signout -->
  <testcase classname="com.tests.TSNavigationPanel" name="@BeforeMethod setUp" time="0.0">
    <skipped/>
  </testcase> <!-- @BeforeMethod setUp -->
  <testcase classname="com.tests.TSNavigationPanel" name="@AfterMethod signout" time="0.0">
    <skipped/>
  </testcase> <!-- @AfterMethod signout -->
  <testcase classname="com.tests.TSNavigationPanel" name="@BeforeMethod setUp" time="0.0">
    <skipped/>
  </testcase> <!-- @BeforeMethod setUp -->
  <testcase classname="com.tests.TSNavigationPanel" name="@AfterMethod signout" time="0.0">
    <skipped/>
  </testcase> <!-- @AfterMethod signout -->
  <testcase classname="com.tests.TSNavigationPanel" name="@AfterClass teardown" time="0.0">
    <skipped/>
  </testcase> <!-- @AfterClass teardown -->
  <testcase classname="com.tests.TSNavigationPanel" name="VerifyExpandCollapse" time="0.0">
    <skipped/>
  </testcase> <!-- VerifyExpandCollapse -->
  <testcase classname="com.tests.TSNavigationPanel" name="verifyAllIconsOnCollapse" time="0.0">
    <skipped/>
  </testcase> <!-- verifyAllIconsOnCollapse -->
  <testcase classname="com.tests.TSNavigationPanel" name="verifyUserAccountIconOnExpand" time="0.0">
    <skipped/>
  </testcase> <!-- verifyUserAccountIconOnExpand -->
  <testcase classname="com.tests.TSNavigationPanel" name="verifyIconsOnExpandCorrespondingToRoles" time="0.0">
    <skipped/>
  </testcase> <!-- verifyIconsOnExpandCorrespondingToRoles -->
</testsuite> <!-- Default test -->
